12607 4.924609e+00
0.000000e+00 3.295315e-05 3.295315e-05
0.000000e+00 0.000000e+00 8.013338e-01 0.000000e+00 0.000000e+00
1.562500e-03 0.000000e+00 8.013338e-01 0.000000e+00 0.000000e+00
3.125000e-03 0.000000e+00 8.013338e-01 0.000000e+00 0.000000e+00
4.687500e-03 0.000000e+00 8.013338e-01 0.000000e+00 0.000000e+00
6.250000e-03 0.000000e+00 8.013338e-01 0.000000e+00 0.000000e+00
7.812500e-03 0.000000e+00 8.013338e-01 0.000000e+00 0.000000e+00
9.375000e-03 0.000000e+00 8.013338e-01 0.000000e+00 0.000000e+00
1.093750e-02 0.000000e+00 8.013338e-01 0.000000e+00 0.000000e+00
1.250000e-02 0.000000e+00 8.013338e-01 0.000000e+00 0.000000e+00
1.406250e-02 0.000000e+00 8.013338e-01 0.000000e+00 0.000000e+00
1.562500e-02 0.000000e+00 8.013338e-01 0.000000e+00 0.000000e+00
1.718750e-02 0.000000e+00 8.013338e-01 0.000000e+00 0.000000e+00
1.875000e-02 0.000000e+00 8.013338e-01 0.000000e+00 0.000000e+00
2.031250e-02 0.000000e+00 8.013338e-01 0.000000e+00 0.000000e+00
2.187500e-02 0.000000e+00 8.013338e-01 0.000000e+00 0.000000e+00
2.343750e-02 0.000000e+00 8.013338e-01 0.000000e+00 0.000000e+00
2.500000e-02 0.000000e+00 8.013338e-01 0.000000e+00 0.000000e+00
2.656250e-02 0.000000e+00 8.013338e-01 0.000000e+00 0.000000e+00
2.812500e-02 0.000000e+00 8.013338e-01 0.000000e+00 0.000000e+00
2.968750e-02 0.000000e+00 8.013338e-01 0.000000e+00 0.000000e+00
3.125000e-02 0.000000e+00 8.013338e-01 0.000000e+00 0.000000e+00
3.281250e-02 0.000000e+00 8.013338e-01 0.000000e+00 0.000000e+00
3.437500e-02 0.000000e+00 8.013338e-01 0.000000e+00 0.000000e+00
3.593750e-02 0.000000e+00 8.013338e-01 0.000000e+00 0.000000e+00
3.750000e-02 0.000000e+00 8.013338e-01 0.000000e+00 0.000000e+00
3.906250e-02 0.000000e+00 8.013338e-01 0.000000e+00 0.000000e+00
4.062500e-02 0.000000e+00 8.013338e-01 0.000000e+00 0.000000e+00
4.218750e-02 0.000000e+00 8.013338e-01 0.000000e+00 0.000000e+00
4.375000e-02 0.000000e+00 8.013338e-01 0.000000e+00 0.000000e+00
4.531250e-02 0.000000e+00 8.013338e-01 0.000000e+00 0.000000e+00
4.687500e-02 0.000000e+00 8.013338e-01 0.000000e+00 0.000000e+00
4.843750e-02 0.000000e+00 8.013338e-01 0.000000e+00 0.000000e+00
5.000000e-02 0.000000e+00 8.013338e-01 0.000000e+00 0.000000e+00
0.000000e+00 1.562500e-03 8.013338e-01 0.000000e+00 0.000000e+00
1.562500e-03 1.562500e-03 8.013338e-01 -7.313146e-44 -7.313146e-44
3.125000e-03 1.562500e-03 8.013338e-01 -1.455586e-43 -1.455586e-43
4.687500e-03 1.562500e-03 8.013338e-01 -2.165840e-43 -2.165840e-43
6.250000e-03 1.562500e-03 8.013338e-01 -2.855235e-43 -2.855235e-43
7.812500e-03 1.562500e-03 8.013338e-01 -3.517133e-43 -3.517133e-43
9.375000e-03 1.562500e-03 8.013338e-01 -4.145159e-43 -4.145159e-43
1.093750e-02 1.562500e-03 8.013338e-01 -4.733265e-43 -4.733265e-43
1.250000e-02 1.562500e-03 8.013338e-01 -5.275786e-43 -5.275786e-43
1.406250e-02 1.562500e-03 8.013338e-01 -5.767500e-43 -5.767500e-43
1.562500e-02 1.562500e-03 8.013338e-01 -6.203669e-43 -6.203669e-43
1.718750e-02 1.562500e-03 8.013338e-01 -6.580093e-43 -6.580093e-43
1.875000e-02 1.562500e-03 8.013338e-01 -6.893147e-43 -6.893147e-43
2.031250e-02 1.562500e-03 8.013338e-01 -7.139817e-43 -7.139817e-43
2.187500e-02 1.562500e-03 8.013338e-01 -7.317726e-43 -7.317726e-43
2.343750e-02 1.562500e-03 8.013338e-01 -7.425162e-43 -7.425162e-43
2.500000e-02 1.562500e-03 8.013338e-01 -7.461089e-43 -7.461089e-43
2.656250e-02 1.562500e-03 8.013338e-01 -7.425162e-43 -7.425162e-43
2.812500e-02 1.562500e-03 8.013338e-01 -7.317726e-43 -7.317726e-43
2.968750e-02 1.562500e-03 8.013338e-01 -7.139817e-43 -7.139817e-43
3.125000e-02 1.562500e-03 8.013338e-01 -6.893147e-43 -6.893147e-43
3.281250e-02 1.562500e-03 8.013338e-01 -6.580093e-43 -6.580093e-43
3.437500e-02 1.562500e-03 8.013338e-01 -6.203669e-43 -6.203669e-43
3.593750e-02 1.562500e-03 8.013338e-01 -5.767500e-43 -5.767500e-43
3.750000e-02 1.562500e-03 8.013338e-01 -5.275786e-43 -5.275786e-43
3.906250e-02 1.562500e-03 8.013338e-01 -4.733265e-43 -4.733265e-43
4.062500e-02 1.562500e-03 8.013338e-01 -4.145159e-43 -4.145159e-43
4.218750e-02 1.562500e-03 8.013338e-01 -3.517133e-43 -3.517133e-43
4.375000e-02 1.562500e-03 8.013338e-01 -2.855235e-43 -2.855235e-43
4.531250e-02 1.562500e-03 8.013338e-01 -2.165840e-43 -2.165840e-43
4.687500e-02 1.562500e-03 8.013338e-01 -1.455586e-43 -1.455586e-43
4.843750e-02 1.562500e-03 8.013338e-01 -7.313146e-44 -7.313146e-44
5.000000e-02 1.562500e-03 8.013338e-01 0.000000e+00 0.000000e+00
0.000000e+00 3.125000e-03 8.013338e-01 0.000000e+00 0.000000e+00
1.562500e-03 3.125000e-03 8.013338e-01 -9.591152e-43 -9.591152e-43
3.125000e-03 3.125000e-03 8.013338e-01 -1.908994e-42 -1.908994e-42
4.687500e-03 3.125000e-03 8.013338e-01 -2.840487e-42 -2.840487e-42
6.250000e-03 3.125000e-03 8.013338e-01 -3.744626e-42 -3.744626e-42
7.812500e-03 3.125000e-03 8.013338e-01 -4.612701e-42 -4.612701e-42
9.375000e-03 3.125000e-03 8.013338e-01 -5.436354e-42 -5.436354e-42
1.093750e-02 3.125000e-03 8.013338e-01 -6.207651e-42 -6.207651e-42
1.250000e-02 3.125000e-03 8.013338e-01 -6.919166e-42 -6.919166e-42
1.406250e-02 3.125000e-03 8.013338e-01 -7.564045e-42 -7.564045e-42
1.562500e-02 3.125000e-03 8.013338e-01 -8.136078e-42 -8.136078e-42
1.718750e-02 3.125000e-03 8.013338e-01 -8.629757e-42 -8.629757e-42
1.875000e-02 3.125000e-03 8.013338e-01 -9.040326e-42 -9.040326e-42
2.031250e-02 3.125000e-03 8.013338e-01 -9.363832e-42 -9.363832e-42
2.187500e-02 3.125000e-03 8.013338e-01 -9.597159e-42 -9.597159e-42
2.343750e-02 3.125000e-03 8.013338e-01 -9.738060e-42 -9.738060e-42
2.500000e-02 3.125000e-03 8.013338e-01 -9.785178e-42 -9.785178e-42
2.656250e-02 3.125000e-03 8.013338e-01 -9.738060e-42 -9.738060e-42
2.812500e-02 3.125000e-03 8.013338e-01 -9.597159e-42 -9.597159e-42
2.968750e-02 3.125000e-03 8.013338e-01 -9.363832e-42 -9.363832e-42
3.125000e-02 3.125000e-03 8.013338e-01 -9.040326e-42 -9.040326e-42
3.281250e-02 3.125000e-03 8.013338e-01 -8.629757e-42 -8.629757e-42
3.437500e-02 3.125000e-03 8.013338e-01 -8.136078e-42 -8.136078e-42
3.593750e-02 3.125000e-03 8.013338e-01 -7.564045e-42 -7.564045e-42
3.750000e-02 3.125000e-03 8.013338e-01 -6.919166e-42 -6.919166e-42
3.906250e-02 3.125000e-03 8.013338e-01 -6.207651e-42 -6.207651e-42
4.062500e-02 3.125000e-03 8.013338e-01 -5.436354e-42 -5.436354e-42
4.218750e-02 3.125000e-03 8.013338e-01 -4.612701e-42 -4.612701e-42
4.375000e-02 3.125000e-03 8.013338e-01 -3.744626e-42 -3.744626e-42
4.531250e-02 3.125000e-03 8.013338e-01 -2.840487e-42 -2.840487e-42
4.687500e-02 3.125000e-03 8.013338e-01 -1.908994e-42 -1.908994e-42
4.843750e-02 3.125000e-03 8.013338e-01 -9.591152e-43 -9.591152e-43
5.000000e-02 3.125000e-03 8.013338e-01 0.000000e+00 0.000000e+00
0.000000e+00 4.687500e-03 8.013338e-01 0.000000e+00 0.000000e+00
1.562500e-03 4.687500e-03 8.013338e-01 -1.182569e-41 -1.182569e-41
3.125000e-03 4.687500e-03 8.013338e-01 -2.353750e-41 -2.353750e-41
4.687500e-03 4.687500e-03 8.013338e-01 -3.502263e-41 -3.502263e-41
6.250000e-03 4.687500e-03 8.013338e-01 -4.617047e-41 -4.617047e-41
7.812500e-03 4.687500e-03 8.013338e-01 -5.687366e-41 -5.687366e-41
9.375000e-03 4.687500e-03 8.013338e-01 -6.702913e-41 -6.702913e-41
1.093750e-02 4.687500e-03 8.013338e-01 -7.653907e-41 -7.653907e-41
1.250000e-02 4.687500e-03 8.013338e-01 -8.531190e-41 -8.531190e-41
1.406250e-02 4.687500e-03 8.013338e-01 -9.326313e-41 -9.326313e-41
1.562500e-02 4.687500e-03 8.013338e-01 -1.003162e-40 -1.003162e-40
1.718750e-02 4.687500e-03 8.013338e-01 -1.064031e-40 -1.064031e-40
1.875000e-02 4.687500e-03 8.013338e-01 -1.114654e-40 -1.114654e-40
2.031250e-02 4.687500e-03 8.013338e-01 -1.154541e-40 -1.154541e-40
2.187500e-02 4.687500e-03 8.013338e-01 -1.183310e-40 -1.183310e-40
2.343750e-02 4.687500e-03 8.013338e-01 -1.200683e-40 -1.200683e-40
2.500000e-02 4.687500e-03 8.013338e-01 -1.206493e-40 -1.206493e-40
2.656250e-02 4.687500e-03 8.013338e-01 -1.200683e-40 -1.200683e-40
2.812500e-02 4.687500e-03 8.013338e-01 -1.183310e-40 -1.183310e-40
2.968750e-02 4.687500e-03 8.013338e-01 -1.154541e-40 -1.154541e-40
3.125000e-02 4.687500e-03 8.013338e-01 -1.114654e-40 -1.114654e-40
3.281250e-02 4.687500e-03 8.013338e-01 -1.064031e-40 -1.064031e-40
3.437500e-02 4.687500e-03 8.013338e-01 -1.003162e-40 -1.003162e-40
3.593750e-02 4.687500e-03 8.013338e-01 -9.326313e-41 -9.326313e-41
3.750000e-02 4.687500e-03 8.013338e-01 -8.531190e-41 -8.531190e-41
3.906250e-02 4.687500e-03 8.013338e-01 -7.653907e-41 -7.653907e-41
4.062500e-02 4.687500e-03 8.013338e-01 -6.702913e-41 -6.702913e-41
4.218750e-02 4.687500e-03 8.013338e-01 -5.687366e-41 -5.687366e-41
4.375000e-02 4.687500e-03 8.013338e-01 -4.617047e-41 -4.617047e-41
4.531250e-02 4.687500e-03 8.013338e-01 -3.502263e-41 -3.502263e-41
4.687500e-02 4.687500e-03 8.013338e-01 -2.353750e-41 -2.353750e-41
4.843750e-02 4.687500e-03 8.013338e-01 -1.182569e-41 -1.182569e-41
5.000000e-02 4.687500e-03 8.013338e-01 0.000000e+00 0.000000e+00
0.000000e+00 6.250000e-03 8.013338e-01 0.000000e+00 0.000000e+00
1.562500e-03 6.250000e-03 8.013338e-01 -1.365460e-40 -1.365460e-40
3.125000e-03 6.250000e-03 8.013338e-01 -2.717770e-40 -2.717770e-40
4.687500e-03 6.250000e-03 8.013338e-01 -4.043906e-40 -4.043906e-40
6.250000e-03 6.250000e-03 8.013338e-01 -5.331097e-40 -5.331097e-40
7.812500e-03 6.250000e-03 8.013338e-01 -6.566947e-40 -6.566947e-40
9.375000e-03 6.250000e-03 8.013338e-01 -7.739554e-40 -7.739554e-40
1.093750e-02 6.250000e-03 8.013338e-01 -8.837624e-40 -8.837624e-40
1.250000e-02 6.250000e-03 8.013338e-01 -9.850584e-40 -9.850584e-40
1.406250e-02 6.250000e-03 8.013338e-01 -1.076868e-39 -1.076868e-39
1.562500e-02 6.250000e-03 8.013338e-01 -1.158306e-39 -1.158306e-39
1.718750e-02 6.250000e-03 8.013338e-01 -1.228589e-39 -1.228589e-39
1.875000e-02 6.250000e-03 8.013338e-01 -1.287041e-39 -1.287041e-39
2.031250e-02 6.250000e-03 8.013338e-01 -1.333097e-39 -1.333097e-39
2.187500e-02 6.250000e-03 8.013338e-01 -1.366315e-39 -1.366315e-39
2.343750e-02 6.250000e-03 8.013338e-01 -1.386375e-39 -1.386375e-39
2.500000e-02 6.250000e-03 8.013338e-01 -1.393083e-39 -1.393083e-39
2.656250e-02 6.250000e-03 8.013338e-01 -1.386375e-39 -1.386375e-39
2.812500e-02 6.250000e-03 8.013338e-01 -1.366315e-39 -1.366315e-39
2.968750e-02 6.250000e-03 8.013338e-01 -1.333097e-39 -1.333097e-39
3.125000e-02 6.250000e-03 8.013338e-01 -1.287041e-39 -1.287041e-39
3.281250e-02 6.250000e-03 8.013338e-01 -1.228589e-39 -1.228589e-39
3.437500e-02 6.250000e-03 8.013338e-01 -1.158306e-39 -1.158306e-39
3.593750e-02 6.250000e-03 8.013338e-01 -1.076868e-39 -1.076868e-39
3.750000e-02 6.250000e-03 8.013338e-01 -9.850584e-40 -9.850584e-40
3.906250e-02 6.250000e-03 8.013338e-01 -8.837624e-40 -8.837624e-40
4.062500e-02 6.250000e-03 8.013338e-01 -7.739554e-40 -7.739554e-40
4.218750e-02 6.250000e-03 8.013338e-01 -6.566947e-40 -6.566947e-40
4.375000e-02 6.250000e-03 8.013338e-01 -5.331097e-40 -5.331097e-40
4.531250e-02 6.250000e-03 8.013338e-01 -4.043906e-40 -4.043906e-40
4.687500e-02 6.250000e-03 8.013338e-01 -2.717770e-40 -2.717770e-40
4.843750e-02 6.250000e-03 8.013338e-01 -1.365460e-40 -1.365460e-40
5.000000e-02 6.250000e-03 8.013338e-01 0.000000e+00 0.000000e+00
0.000000e+00 7.812500e-03 8.013338e-01 0.000000e+00 0.000000e+00
1.562500e-03 7.812500e-03 8.013338e-01 -1.454147e-39 -1.454147e-39
3.125000e-03 7.812500e-03 8.013338e-01 -2.894289e-39 -2.894289e-39
4.687500e-03 7.812500e-03 8.013338e-01 -4.306558e-39 -4.306558e-39
6.250000e-03 7.812500e-03 8.013338e-01 -5.677353e-39 -5.677353e-39
7.812500e-03 7.812500e-03 8.013338e-01 -6.993471e-39 -6.993471e-39
9.375000e-03 7.812500e-03 8.013338e-01 -8.242239e-39 -8.242239e-39
1.093750e-02 7.812500e-03 8.013338e-01 -9.411629e-39 -9.411629e-39
1.250000e-02 7.812500e-03 8.013338e-01 -1.049038e-38 -1.049038e-38
1.406250e-02 7.812500e-03 8.013338e-01 -1.146810e-38 -1.146810e-38
1.562500e-02 7.812500e-03 8.013338e-01 -1.233538e-38 -1.233538e-38
1.718750e-02 7.812500e-03 8.013338e-01 -1.308386e-38 -1.308386e-38
1.875000e-02 7.812500e-03 8.013338e-01 -1.370634e-38 -1.370634e-38
2.031250e-02 7.812500e-03 8.013338e-01 -1.419682e-38 -1.419682e-38
2.187500e-02 7.812500e-03 8.013338e-01 -1.455058e-38 -1.455058e-38
2.343750e-02 7.812500e-03 8.013338e-01 -1.476420e-38 -1.476420e-38
2.500000e-02 7.812500e-03 8.013338e-01 -1.483564e-38 -1.483564e-38
2.656250e-02 7.812500e-03 8.013338e-01 -1.476420e-38 -1.476420e-38
2.812500e-02 7.812500e-03 8.013338e-01 -1.455058e-38 -1.455058e-38
2.968750e-02 7.812500e-03 8.013338e-01 -1.419682e-38 -1.419682e-38
3.125000e-02 7.812500e-03 8.013338e-01 -1.370634e-38 -1.370634e-38
3.281250e-02 7.812500e-03 8.013338e-01 -1.308386e-38 -1.308386e-38
3.437500e-02 7.812500e-03 8.013338e-01 -1.233538e-38 -1.233538e-38
3.593750e-02 7.812500e-03 8.013338e-01 -1.146810e-38 -1.146810e-38
3.750000e-02 7.812500e-03 8.013338e-01 -1.049038e-38 -1.049038e-38
3.906250e-02 7.812500e-03 8.013338e-01 -9.411629e-39 -9.411629e-39
4.062500e-02 7.812500e-03 8.013338e-01 -8.242239e-39 -8.242239e-39
4.218750e-02 7.812500e-03 8.013338e-01 -6.993471e-39 -6.993471e-39
4.375000e-02 7.812500e-03 8.013338e-01 -5.677353e-39 -5.677353e-39
4.531250e-02 7.812500e-03 8.013338e-01 -4.306558e-39 -4.306558e-39
4.687500e-02 7.812500e-03 8.013338e-01 -2.894289e-39 -2.894289e-39
4.843750e-02 7.812500e-03 8.013338e-01 -1.454147e-39 -1.454147e-39
5.000000e-02 7.812500e-03 8.013338e-01 0.000000e+00 0.000000e+00
0.000000e+00 9.375000e-03 8.013338e-01 0.000000e+00 0.000000e+00
1.562500e-03 9.375000e-03 8.013338e-01 -1.389574e-38 -1.389574e-38
3.125000e-03 9.375000e-03 8.013338e-01 -2.765766e-38 -2.765766e-38
4.687500e-03 9.375000e-03 8.013338e-01 -4.115322e-38 -4.115322e-38
6.250000e-03 9.375000e-03 8.013338e-01 -5.425245e-38 -5.425245e-38
7.812500e-03 9.375000e-03 8.013338e-01 -6.682920e-38 -6.682920e-38
9.375000e-03 9.375000e-03 8.013338e-01 -7.876234e-38 -7.876234e-38
1.093750e-02 9.375000e-03 8.013338e-01 -8.993697e-38 -8.993697e-38
1.250000e-02 9.375000e-03 8.013338e-01 -1.002454e-37 -1.002454e-37
1.406250e-02 9.375000e-03 8.013338e-01 -1.095885e-37 -1.095885e-37
1.562500e-02 9.375000e-03 8.013338e-01 -1.178762e-37 -1.178762e-37
1.718750e-02 9.375000e-03 8.013338e-01 -1.250286e-37 -1.250286e-37
1.875000e-02 9.375000e-03 8.013338e-01 -1.309770e-37 -1.309770e-37
2.031250e-02 9.375000e-03 8.013338e-01 -1.356640e-37 -1.356640e-37
2.187500e-02 9.375000e-03 8.013338e-01 -1.390444e-37 -1.390444e-37
2.343750e-02 9.375000e-03 8.013338e-01 -1.410858e-37 -1.410858e-37
2.500000e-02 9.375000e-03 8.013338e-01 -1.417685e-37 -1.417685e-37
2.656250e-02 9.375000e-03 8.013338e-01 -1.410858e-37 -1.410858e-37
2.812500e-02 9.375000e-03 8.013338e-01 -1.390444e-37 -1.390444e-37
2.968750e-02 9.375000e-03 8.013338e-01 -1.356640e-37 -1.356640e-37
3.125000e-02 9.375000e-03 8.013338e-01 -1.309770e-37 -1.309770e-37
3.281250e-02 9.375000e-03 8.013338e-01 -1.250286e-37 -1.250286e-37
3.437500e-02 9.375000e-03 8.013338e-01 -1.178762e-37 -1.178762e-37
3.593750e-02 9.375000e-03 8.013338e-01 -1.095885e-37 -1.095885e-37
3.750000e-02 9.375000e-03 8.013338e-01 -1.002454e-37 -1.002454e-37
3.906250e-02 9.375000e-03 8.013338e-01 -8.993697e-38 -8.993697e-38
4.062500e-02 9.375000e-03 8.013338e-01 -7.876234e-38 -7.876234e-38
4.218750e-02 9.375000e-03 8.013338e-01 -6.682920e-38 -6.682920e-38
4.375000e-02 9.375000e-03 8.013338e-01 -5.425245e-38 -5.425245e-38
4.531250e-02 9.375000e-03 8.013338e-01 -4.115322e-38 -4.115322e-38
4.687500e-02 9.375000e-03 8.013338e-01 -2.765766e-38 -2.765766e-38
4.843750e-02 9.375000e-03 8.013338e-01 -1.389574e-38 -1.389574e-38
5.000000e-02 9.375000e-03 8.013338e-01 0.000000e+00 0.000000e+00
0.000000e+00 1.093750e-02 8.013338e-01 0.000000e+00 0.000000e+00
1.562500e-03 1.093750e-02 8.013338e-01 -1.129667e-37 -1.129667e-37
3.125000e-03 1.093750e-02 8.013338e-01 -2.248454e-37 -2.248454e-37
4.687500e-03 1.093750e-02 8.013338e-01 -3.345588e-37 -3.345588e-37
6.250000e-03 1.093750e-02 8.013338e-01 -4.410502e-37 -4.410502e-37
7.812500e-03 1.093750e-02 8.013338e-01 -5.432940e-37 -5.432940e-37
9.375000e-03 1.093750e-02 8.013338e-01 -6.403056e-37 -6.403056e-37
1.093750e-02 1.093750e-02 8.013338e-01 -7.311507e-37 -7.311507e-37
1.250000e-02 1.093750e-02 8.013338e-01 -8.149545e-37 -8.149545e-37
1.406250e-02 1.093750e-02 8.013338e-01 -8.909097e-37 -8.909097e-37
1.562500e-02 1.093750e-02 8.013338e-01 -9.582851e-37 -9.582851e-37
1.718750e-02 1.093750e-02 8.013338e-01 -1.016432e-36 -1.016432e-36
1.875000e-02 1.093750e-02 8.013338e-01 -1.064789e-36 -1.064789e-36
2.031250e-02 1.093750e-02 8.013338e-01 -1.102893e-36 -1.102893e-36
2.187500e-02 1.093750e-02 8.013338e-01 -1.130374e-36 -1.130374e-36
2.343750e-02 1.093750e-02 8.013338e-01 -1.146970e-36 -1.146970e-36
2.500000e-02 1.093750e-02 8.013338e-01 -1.152520e-36 -1.152520e-36
2.656250e-02 1.093750e-02 8.013338e-01 -1.146970e-36 -1.146970e-36
2.812500e-02 1.093750e-02 8.013338e-01 -1.130374e-36 -1.130374e-36
2.968750e-02 1.093750e-02 8.013338e-01 -1.102893e-36 -1.102893e-36
3.125000e-02 1.093750e-02 8.013338e-01 -1.064789e-36 -1.064789e-36
3.281250e-02 1.093750e-02 8.013338e-01 -1.016432e-36 -1.016432e-36
3.437500e-02 1.093750e-02 8.013338e-01 -9.582851e-37 -9.582851e-37
3.593750e-02 1.093750e-02 8.013338e-01 -8.909097e-37 -8.909097e-37
3.750000e-02 1.093750e-02 8.013338e-01 -8.149545e-37 -8.149545e-37
3.906250e-02 1.093750e-02 8.013338e-01 -7.311507e-37 -7.311507e-37
4.062500e-02 1.093750e-02 8.013338e-01 -6.403056e-37 -6.403056e-37
4.218750e-02 1.093750e-02 8.013338e-01 -5.432940e-37 -5.432940e-37
4.375000e-02 1.093750e-02 8.013338e-01 -4.410502e-37 -4.410502e-37
4.531250e-02 1.093750e-02 8.013338e-01 -3.345588e-37 -3.345588e-37
4.687500e-02 1.093750e-02 8.013338e-01 -2.248454e-37 -2.248454e-37
4.843750e-02 1.093750e-02 8.013338e-01 -1.129667e-37 -1.129667e-37
5.000000e-02 1.093750e-02 8.013338e-01 0.000000e+00 0.000000e+00
0.000000e+00 1.250000e-02 8.013338e-01 0.000000e+00 0.000000e+00
1.562500e-03 1.250000e-02 8.013338e-01 -6.938251e-37 -6.938251e-37
3.125000e-03 1.250000e-02 8.013338e-01 -1.380968e-36 -1.380968e-36
4.687500e-03 1.250000e-02 8.013338e-01 -2.054812e-36 -2.054812e-36
6.250000e-03 1.250000e-02 8.013338e-01 -2.708867e-36 -2.708867e-36
7.812500e-03 1.250000e-02 8.013338e-01 -3.336833e-36 -3.336833e-36
9.375000e-03 1.250000e-02 8.013338e-01 -3.932665e-36 -3.932665e-36
1.093750e-02 1.250000e-02 8.013338e-01 -4.490622e-36 -4.490622e-36
1.250000e-02 1.250000e-02 8.013338e-01 -5.005333e-36 -5.005333e-36
1.406250e-02 1.250000e-02 8.013338e-01 -5.471839e-36 -5.471839e-36
1.562500e-02 1.250000e-02 8.013338e-01 -5.885649e-36 -5.885649e-36
1.718750e-02 1.250000e-02 8.013338e-01 -6.242776e-36 -6.242776e-36
1.875000e-02 1.250000e-02 8.013338e-01 -6.539782e-36 -6.539782e-36
2.031250e-02 1.250000e-02 8.013338e-01 -6.773807e-36 -6.773807e-36
2.187500e-02 1.250000e-02 8.013338e-01 -6.942596e-36 -6.942596e-36
2.343750e-02 1.250000e-02 8.013338e-01 -7.044524e-36 -7.044524e-36
2.500000e-02 1.250000e-02 8.013338e-01 -7.078609e-36 -7.078609e-36
2.656250e-02 1.250000e-02 8.013338e-01 -7.044524e-36 -7.044524e-36
2.812500e-02 1.250000e-02 8.013338e-01 -6.942596e-36 -6.942596e-36
2.968750e-02 1.250000e-02 8.013338e-01 -6.773807e-36 -6.773807e-36
3.125000e-02 1.250000e-02 8.013338e-01 -6.539782e-36 -6.539782e-36
3.281250e-02 1.250000e-02 8.013338e-01 -6.242776e-36 -6.242776e-36
3.437500e-02 1.250000e-02 8.013338e-01 -5.885648e-36 -5.885648e-36
3.593750e-02 1.250000e-02 8.013338e-01 -5.471839e-36 -5.471839e-36
3.750000e-02 1.250000e-02 8.013338e-01 -5.005332e-36 -5.005332e-36
3.906250e-02 1.250000e-02 8.013338e-01 -4.490622e-36 -4.490622e-36
4.062500e-02 1.250000e-02 8.013338e-01 -3.932664e-36 -3.932664e-36
4.218750e-02 1.250000e-02 8.013338e-01 -3.336833e-36 -3.336833e-36
4.375000e-02 1.250000e-02 8.013338e-01 -2.708866e-36 -2.708866e-36
4.531250e-02 1.250000e-02 8.013338e-01 -2.054812e-36 -2.054812e-36
4.687500e-02 1.250000e-02 8.013338e-01 -1.380968e-36 -1.380968e-36
4.843750e-02 1.250000e-02 8.013338e-01 -6.938250e-37 -6.938250e-37
5.000000e-02 1.250000e-02 8.013338e-01 0.000000e+00 0.000000e+00
0.000000e+00 1.406250e-02 8.013338e-01 0.000000e+00 0.000000e+00
1.562500e-03 1.406250e-02 8.013338e-01 -2.308251e-36 -2.308251e-36
3.125000e-03 1.406250e-02 8.013338e-01 -4.594272e-36 -4.594272e-36
4.687500e-03 1.406250e-02 8.013338e-01 -6.836048e-36 -6.836048e-36
6.250000e-03 1.406250e-02 8.013338e-01 -9.011989e-36 -9.011989e-36
7.812500e-03 1.406250e-02 8.013338e-01 -1.110114e-35 -1.110114e-35
9.375000e-03 1.406250e-02 8.013338e-01 -1.308338e-35 -1.308338e-35
1.093750e-02 1.406250e-02 8.013338e-01 -1.493962e-35 -1.493962e-35
1.250000e-02 1.406250e-02 8.013338e-01 -1.665198e-35 -1.665198e-35
1.406250e-02 1.406250e-02 8.013338e-01 -1.820398e-35 -1.820398e-35
1.562500e-02 1.406250e-02 8.013338e-01 -1.958066e-35 -1.958066e-35
1.718750e-02 1.406250e-02 8.013338e-01 -2.076876e-35 -2.076876e-35
1.875000e-02 1.406250e-02 8.013338e-01 -2.175686e-35 -2.175686e-35
2.031250e-02 1.406250e-02 8.013338e-01 -2.253542e-35 -2.253542e-35
2.187500e-02 1.406250e-02 8.013338e-01 -2.309695e-35 -2.309695e-35
2.343750e-02 1.406250e-02 8.013338e-01 -2.343605e-35 -2.343605e-35
2.500000e-02 1.406250e-02 8.013338e-01 -2.354945e-35 -2.354945e-35
2.656250e-02 1.406250e-02 8.013338e-01 -2.343605e-35 -2.343605e-35
2.812500e-02 1.406250e-02 8.013338e-01 -2.309695e-35 -2.309695e-35
2.968750e-02 1.406250e-02 8.013338e-01 -2.253541e-35 -2.253541e-35
3.125000e-02 1.406250e-02 8.013338e-01 -2.175684e-35 -2.175684e-35
3.281250e-02 1.406250e-02 8.013338e-01 -2.076875e-35 -2.076875e-35
3.437500e-02 1.406250e-02 8.013338e-01 -1.958064e-35 -1.958064e-35
3.593750e-02 1.406250e-02 8.013338e-01 -1.820396e-35 -1.820396e-35
3.750000e-02 1.406250e-02 8.013338e-01 -1.665196e-35 -1.665196e-35
3.906250e-02 1.406250e-02 8.013338e-01 -1.493960e-35 -1.493960e-35
4.062500e-02 1.406250e-02 8.013338e-01 -1.308336e-35 -1.308336e-35
4.218750e-02 1.406250e-02 8.013338e-01 -1.110112e-35 -1.110112e-35
4.375000e-02 1.406250e-02 8.013338e-01 -9.011976e-36 -9.011976e-36
4.531250e-02 1.406250e-02 8.013338e-01 -6.836038e-36 -6.836038e-36
4.687500e-02 1.406250e-02 8.013338e-01 -4.594266e-36 -4.594266e-36
4.843750e-02 1.406250e-02 8.013338e-01 -2.308248e-36 -2.308248e-36
5.000000e-02 1.406250e-02 8.013338e-01 0.000000e+00 0.000000e+00
0.000000e+00 1.562500e-02 8.013338e-01 0.000000e+00 0.000000e+00
1.562500e-03 1.562500e-02 8.013338e-01 -8.499397e-36 -8.499397e-36
3.125000e-03 1.562500e-02 8.013338e-01 -1.691694e-35 -1.691694e-35
4.687500e-03 1.562500e-02 8.013338e-01 -2.517156e-35 -2.517156e-35
6.250000e-03 1.562500e-02 8.013338e-01 -3.318375e-35 -3.318375e-35
7.812500e-03 1.562500e-02 8.013338e-01 -4.087636e-35 -4.087636e-35
9.375000e-03 1.562500e-02 8.013338e-01 -4.817529e-35 -4.817529e-35
1.093750e-02 1.562500e-02 8.013338e-01 -5.501026e-35 -5.501026e-35
1.250000e-02 1.562500e-02 8.013338e-01 -6.131544e-35 -6.131544e-35
1.406250e-02 1.562500e-02 8.013338e-01 -6.703011e-35 -6.703011e-35
1.562500e-02 1.562500e-02 8.013338e-01 -7.209922e-35 -7.209922e-35
1.718750e-02 1.562500e-02 8.013338e-01 -7.647397e-35 -7.647397e-35
1.875000e-02 1.562500e-02 8.013338e-01 -8.011223e-35 -8.011223e-35
2.031250e-02 1.562500e-02 8.013338e-01 -8.297895e-35 -8.297895e-35
2.187500e-02 1.562500e-02 8.013338e-01 -8.504653e-35 -8.504653e-35
2.343750e-02 1.562500e-02 8.013338e-01 -8.629506e-35 -8.629506e-35
2.500000e-02 1.562500e-02 8.013338e-01 -8.671252e-35 -8.671252e-35
2.656250e-02 1.562500e-02 8.013338e-01 -8.629489e-35 -8.629489e-35
2.812500e-02 1.562500e-02 8.013338e-01 -8.504620e-35 -8.504620e-35
2.968750e-02 1.562500e-02 8.013338e-01 -8.297847e-35 -8.297847e-35
3.125000e-02 1.562500e-02 8.013338e-01 -8.011162e-35 -8.011162e-35
3.281250e-02 1.562500e-02 8.013338e-01 -7.647325e-35 -7.647325e-35
3.437500e-02 1.562500e-02 8.013338e-01 -7.209843e-35 -7.209843e-35
3.593750e-02 1.562500e-02 8.013338e-01 -6.702926e-35 -6.702926e-35
3.750000e-02 1.562500e-02 8.013338e-01 -6.131458e-35 -6.131458e-35
3.906250e-02 1.562500e-02 8.013338e-01 -5.500942e-35 -5.500942e-35
4.062500e-02 1.562500e-02 8.013338e-01 -4.817449e-35 -4.817449e-35
4.218750e-02 1.562500e-02 8.013338e-01 -4.087564e-35 -4.087564e-35
4.375000e-02 1.562500e-02 8.013338e-01 -3.318314e-35 -3.318314e-35
4.531250e-02 1.562500e-02 8.013338e-01 -2.517108e-35 -2.517108e-35
4.687500e-02 1.562500e-02 8.013338e-01 -1.691661e-35 -1.691661e-35
4.843750e-02 1.562500e-02 8.013338e-01 -8.499229e-36 -8.499229e-36
5.000000e-02 1.562500e-02 8.013338e-01 0.000000e+00 0.000000e+00
0.000000e+00 1.718750e-02 8.013338e-01 0.000000e+00 0.000000e+00
1.562500e-03 1.718750e-02 8.013338e-01 -7.825299e-34 -7.825299e-34
3.125000e-03 1.718750e-02 8.013338e-01 -1.557524e-33 -1.557524e-33
4.687500e-03 1.718750e-02 8.013338e-01 -2.317517e-33 -2.317517e-33
6.250000e-03 1.718750e-02 8.013338e-01 -3.055191e-33 -3.055191e-33
7.812500e-03 1.718750e-02 8.013338e-01 -3.763442e-33 -3.763442e-33
9.375000e-03 1.718750e-02 8.013338e-01 -4.435448e-33 -4.435448e-33
1.093750e-02 1.718750e-02 8.013338e-01 -5.064738e-33 -5.064738e-33
1.250000e-02 1.718750e-02 8.013338e-01 -5.645251e-33 -5.645251e-33
1.406250e-02 1.718750e-02 8.013338e-01 -6.171397e-33 -6.171397e-33
1.562500e-02 1.718750e-02 8.013338e-01 -6.638108e-33 -6.638108e-33
1.718750e-02 1.718750e-02 8.013338e-01 -7.040890e-33 -7.040890e-33
1.875000e-02 1.718750e-02 8.013338e-01 -7.375863e-33 -7.375863e-33
2.031250e-02 1.718750e-02 8.013338e-01 -7.639803e-33 -7.639803e-33
2.187500e-02 1.718750e-02 8.013338e-01 -7.830167e-33 -7.830167e-33
2.343750e-02 1.718750e-02 8.013338e-01 -7.945122e-33 -7.945122e-33
2.500000e-02 1.718750e-02 8.013338e-01 -7.983561e-33 -7.983561e-33
2.656250e-02 1.718750e-02 8.013338e-01 -7.945114e-33 -7.945114e-33
2.812500e-02 1.718750e-02 8.013338e-01 -7.830151e-33 -7.830151e-33
2.968750e-02 1.718750e-02 8.013338e-01 -7.639780e-33 -7.639780e-33
3.125000e-02 1.718750e-02 8.013338e-01 -7.375833e-33 -7.375833e-33
3.281250e-02 1.718750e-02 8.013338e-01 -7.040854e-33 -7.040854e-33
3.437500e-02 1.718750e-02 8.013338e-01 -6.638069e-33 -6.638069e-33
3.593750e-02 1.718750e-02 8.013338e-01 -6.171355e-33 -6.171355e-33
3.750000e-02 1.718750e-02 8.013338e-01 -5.645209e-33 -5.645209e-33
3.906250e-02 1.718750e-02 8.013338e-01 -5.064697e-33 -5.064697e-33
4.062500e-02 1.718750e-02 8.013338e-01 -4.435409e-33 -4.435409e-33
4.218750e-02 1.718750e-02 8.013338e-01 -3.763407e-33 -3.763407e-33
4.375000e-02 1.718750e-02 8.013338e-01 -3.055161e-33 -3.055161e-33
4.531250e-02 1.718750e-02 8.013338e-01 -2.317494e-33 -2.317494e-33
4.687500e-02 1.718750e-02 8.013338e-01 -1.557507e-33 -1.557507e-33
4.843750e-02 1.718750e-02 8.013338e-01 -7.825217e-34 -7.825217e-34
5.000000e-02 1.718750e-02 8.013338e-01 0.000000e+00 0.000000e+00
0.000000e+00 1.875000e-02 8.013338e-01 0.000000e+00 0.000000e+00
1.562500e-03 1.875000e-02 8.013338e-01 -2.798128e-32 -2.798128e-32
3.125000e-03 1.875000e-02 8.013338e-01 -5.569309e-32 -5.569309e-32
4.687500e-03 1.875000e-02 8.013338e-01 -8.286853e-32 -8.286853e-32
6.250000e-03 1.875000e-02 8.013338e-01 -1.092459e-31 -1.092459e-31
7.812500e-03 1.875000e-02 8.013338e-01 -1.345711e-31 -1.345711e-31
9.375000e-03 1.875000e-02 8.013338e-01 -1.586003e-31 -1.586003e-31
1.093750e-02 1.875000e-02 8.013338e-01 -1.811021e-31 -1.811021e-31
1.250000e-02 1.875000e-02 8.013338e-01 -2.018597e-31 -2.018597e-31
1.406250e-02 1.875000e-02 8.013338e-01 -2.206733e-31 -2.206733e-31
1.562500e-02 1.875000e-02 8.013338e-01 -2.373617e-31 -2.373617e-31
1.718750e-02 1.875000e-02 8.013338e-01 -2.517641e-31 -2.517641e-31
1.875000e-02 1.875000e-02 8.013338e-01 -2.637418e-31 -2.637418e-31
2.031250e-02 1.875000e-02 8.013338e-01 -2.731796e-31 -2.731796e-31
2.187500e-02 1.875000e-02 8.013338e-01 -2.799864e-31 -2.799864e-31
2.343750e-02 1.875000e-02 8.013338e-01 -2.840969e-31 -2.840969e-31
2.500000e-02 1.875000e-02 8.013338e-01 -2.854713e-31 -2.854713e-31
2.656250e-02 1.875000e-02 8.013338e-01 -2.840965e-31 -2.840965e-31
2.812500e-02 1.875000e-02 8.013338e-01 -2.799856e-31 -2.799856e-31
2.968750e-02 1.875000e-02 8.013338e-01 -2.731784e-31 -2.731784e-31
3.125000e-02 1.875000e-02 8.013338e-01 -2.637403e-31 -2.637403e-31
3.281250e-02 1.875000e-02 8.013338e-01 -2.517623e-31 -2.517623e-31
3.437500e-02 1.875000e-02 8.013338e-01 -2.373597e-31 -2.373597e-31
3.593750e-02 1.875000e-02 8.013338e-01 -2.206713e-31 -2.206713e-31
3.750000e-02 1.875000e-02 8.013338e-01 -2.018576e-31 -2.018576e-31
3.906250e-02 1.875000e-02 8.013338e-01 -1.811000e-31 -1.811000e-31
4.062500e-02 1.875000e-02 8.013338e-01 -1.585984e-31 -1.585984e-31
4.218750e-02 1.875000e-02 8.013338e-01 -1.345694e-31 -1.345694e-31
4.375000e-02 1.875000e-02 8.013338e-01 -1.092444e-31 -1.092444e-31
4.531250e-02 1.875000e-02 8.013338e-01 -8.286736e-32 -8.286736e-32
4.687500e-02 1.875000e-02 8.013338e-01 -5.569229e-32 -5.569229e-32
4.843750e-02 1.875000e-02 8.013338e-01 -2.798088e-32 -2.798088e-32
5.000000e-02 1.875000e-02 8.013338e-01 0.000000e+00 0.000000e+00
0.000000e+00 2.031250e-02 8.013338e-01 0.000000e+00 0.000000e+00
1.562500e-03 2.031250e-02 8.013338e-01 -5.956422e-31 -5.956422e-31
3.125000e-03 2.031250e-02 8.013338e-01 -1.185548e-30 -1.185548e-30
4.687500e-03 2.031250e-02 8.013338e-01 -1.764035e-30 -1.764035e-30
6.250000e-03 2.031250e-02 8.013338e-01 -2.325533e-30 -2.325533e-30
7.812500e-03 2.031250e-02 8.013338e-01 -2.864634e-30 -2.864634e-30
9.375000e-03 2.031250e-02 8.013338e-01 -3.376145e-30 -3.376145e-30
1.093750e-02 2.031250e-02 8.013338e-01 -3.855141e-30 -3.855141e-30
1.250000e-02 2.031250e-02 8.013338e-01 -4.297008e-30 -4.297008e-30
1.406250e-02 2.031250e-02 8.013338e-01 -4.697492e-30 -4.697492e-30
1.562500e-02 2.031250e-02 8.013338e-01 -5.052734e-30 -5.052734e-30
1.718750e-02 2.031250e-02 8.013338e-01 -5.359314e-30 -5.359314e-30
1.875000e-02 2.031250e-02 8.013338e-01 -5.614280e-30 -5.614280e-30
2.031250e-02 2.031250e-02 8.013338e-01 -5.815176e-30 -5.815176e-30
2.187500e-02 2.031250e-02 8.013338e-01 -5.960068e-30 -5.960068e-30
2.343750e-02 2.031250e-02 8.013338e-01 -6.047560e-30 -6.047560e-30
2.500000e-02 2.031250e-02 8.013338e-01 -6.076811e-30 -6.076811e-30
2.656250e-02 2.031250e-02 8.013338e-01 -6.047539e-30 -6.047539e-30
2.812500e-02 2.031250e-02 8.013338e-01 -5.960027e-30 -5.960027e-30
2.968750e-02 2.031250e-02 8.013338e-01 -5.815116e-30 -5.815116e-30
3.125000e-02 2.031250e-02 8.013338e-01 -5.614204e-30 -5.614204e-30
3.281250e-02 2.031250e-02 8.013338e-01 -5.359224e-30 -5.359224e-30
3.437500e-02 2.031250e-02 8.013338e-01 -5.052634e-30 -5.052634e-30
3.593750e-02 2.031250e-02 8.013338e-01 -4.697386e-30 -4.697386e-30
3.750000e-02 2.031250e-02 8.013338e-01 -4.296901e-30 -4.296901e-30
3.906250e-02 2.031250e-02 8.013338e-01 -3.855035e-30 -3.855035e-30
4.062500e-02 2.031250e-02 8.013338e-01 -3.376046e-30 -3.376046e-30
4.218750e-02 2.031250e-02 8.013338e-01 -2.864544e-30 -2.864544e-30
4.375000e-02 2.031250e-02 8.013338e-01 -2.325457e-30 -2.325457e-30
4.531250e-02 2.031250e-02 8.013338e-01 -1.763975e-30 -1.763975e-30
4.687500e-02 2.031250e-02 8.013338e-01 -1.185506e-30 -1.185506e-30
4.843750e-02 2.031250e-02 8.013338e-01 -5.956212e-31 -5.956212e-31
5.000000e-02 2.031250e-02 8.013338e-01 0.000000e+00 0.000000e+00
0.000000e+00 2.187500e-02 8.013338e-01 0.000000e+00 0.000000e+00
1.562500e-03 2.187500e-02 8.013338e-01 -8.475915e-30 -8.475915e-30
3.125000e-03 2.187500e-02 8.013338e-01 -1.687019e-29 -1.687019e-29
4.687500e-03 2.187500e-02 8.013338e-01 -2.510195e-29 -2.510195e-29
6.250000e-03 2.187500e-02 8.013338e-01 -3.309193e-29 -3.309193e-29
7.812500e-03 2.187500e-02 8.013338e-01 -4.076316e-29 -4.076316e-29
9.375000e-03 2.187500e-02 8.013338e-01 -4.804174e-29 -4.804174e-29
1.093750e-02 2.187500e-02 8.013338e-01 -5.485757e-29 -5.485757e-29
1.250000e-02 2.187500e-02 8.013338e-01 -6.114502e-29 -6.114502e-29
1.406250e-02 2.187500e-02 8.013338e-01 -6.684352e-29 -6.684352e-29
1.562500e-02 2.187500e-02 8.013338e-01 -7.189820e-29 -7.189820e-29
1.718750e-02 2.187500e-02 8.013338e-01 -7.626038e-29 -7.626038e-29
1.875000e-02 2.187500e-02 8.013338e-01 -7.988807e-29 -7.988807e-29
2.031250e-02 2.187500e-02 8.013338e-01 -8.274633e-29 -8.274633e-29
2.187500e-02 2.187500e-02 8.013338e-01 -8.480764e-29 -8.480764e-29
2.343750e-02 2.187500e-02 8.013338e-01 -8.605219e-29 -8.605219e-29
2.500000e-02 2.187500e-02 8.013338e-01 -8.646798e-29 -8.646798e-29
2.656250e-02 2.187500e-02 8.013338e-01 -8.605105e-29 -8.605105e-29
2.812500e-02 2.187500e-02 8.013338e-01 -8.480541e-29 -8.480541e-29
2.968750e-02 2.187500e-02 8.013338e-01 -8.274308e-29 -8.274308e-29
3.125000e-02 2.187500e-02 8.013338e-01 -7.988393e-29 -7.988393e-29
3.281250e-02 2.187500e-02 8.013338e-01 -7.625552e-29 -7.625552e-29
3.437500e-02 2.187500e-02 8.013338e-01 -7.189280e-29 -7.189280e-29
3.593750e-02 2.187500e-02 8.013338e-01 -6.683779e-29 -6.683779e-29
3.750000e-02 2.187500e-02 8.013338e-01 -6.113917e-29 -6.113917e-29
3.906250e-02 2.187500e-02 8.013338e-01 -5.485184e-29 -5.485184e-29
4.062500e-02 2.187500e-02 8.013338e-01 -4.803634e-29 -4.803634e-29
4.218750e-02 2.187500e-02 8.013338e-01 -4.075829e-29 -4.075829e-29
4.375000e-02 2.187500e-02 8.013338e-01 -3.308780e-29 -3.308780e-29
4.531250e-02 2.187500e-02 8.013338e-01 -2.509871e-29 -2.509871e-29
4.687500e-02 2.187500e-02 8.013338e-01 -1.686795e-29 -1.686795e-29
4.843750e-02 2.187500e-02 8.013338e-01 -8.474774e-30 -8.474774e-30
5.000000e-02 2.187500e-02 8.013338e-01 0.000000e+00 0.000000e+00
0.000000e+00 2.343750e-02 8.013338e-01 0.000000e+00 0.000000e+00
1.562500e-03 2.343750e-02 8.013338e-01 -6.067382e-29 -6.067382e-29
3.125000e-03 2.343750e-02 8.013338e-01 -1.207624e-28 -1.207624e-28
4.687500e-03 2.343750e-02 8.013338e-01 -1.796860e-28 -1.796860e-28
6.250000e-03 2.343750e-02 8.013338e-01 -2.368765e-28 -2.368765e-28
7.812500e-03 2.343750e-02 8.013338e-01 -2.917823e-28 -2.917823e-28
9.375000e-03 2.343750e-02 8.013338e-01 -3.438740e-28 -3.438740e-28
1.093750e-02 2.343750e-02 8.013338e-01 -3.926495e-28 -3.926495e-28
1.250000e-02 2.343750e-02 8.013338e-01 -4.376387e-28 -4.376387e-28
1.406250e-02 2.343750e-02 8.013338e-01 -4.784084e-28 -4.784084e-28
1.562500e-02 2.343750e-02 8.013338e-01 -5.145659e-28 -5.145659e-28
1.718750e-02 2.343750e-02 8.013338e-01 -5.457634e-28 -5.457634e-28
1.875000e-02 2.343750e-02 8.013338e-01 -5.717009e-28 -5.717009e-28
2.031250e-02 2.343750e-02 8.013338e-01 -5.921290e-28 -5.921290e-28
2.187500e-02 2.343750e-02 8.013338e-01 -6.068520e-28 -6.068520e-28
2.343750e-02 2.343750e-02 8.013338e-01 -6.157288e-28 -6.157288e-28
2.500000e-02 2.343750e-02 8.013338e-01 -6.186748e-28 -6.186748e-28
2.656250e-02 2.343750e-02 8.013338e-01 -6.156626e-28 -6.156626e-28
2.812500e-02 2.343750e-02 8.013338e-01 -6.067223e-28 -6.067223e-28
2.968750e-02 2.343750e-02 8.013338e-01 -5.919407e-28 -5.919407e-28
3.125000e-02 2.343750e-02 8.013338e-01 -5.714611e-28 -5.714611e-28
3.281250e-02 2.343750e-02 8.013338e-01 -5.454815e-28 -5.454815e-28
3.437500e-02 2.343750e-02 8.013338e-01 -5.142527e-28 -5.142527e-28
3.593750e-02 2.343750e-02 8.013338e-01 -4.780759e-28 -4.780759e-28
3.750000e-02 2.343750e-02 8.013338e-01 -4.372997e-28 -4.372997e-28
3.906250e-02 2.343750e-02 8.013338e-01 -3.923169e-28 -3.923169e-28
4.062500e-02 2.343750e-02 8.013338e-01 -3.435607e-28 -3.435607e-28
4.218750e-02 2.343750e-02 8.013338e-01 -2.915004e-28 -2.915004e-28
4.375000e-02 2.343750e-02 8.013338e-01 -2.366368e-28 -2.366368e-28
4.531250e-02 2.343750e-02 8.013338e-01 -1.794977e-28 -1.794977e-28
4.687500e-02 2.343750e-02 8.013338e-01 -1.206326e-28 -1.206326e-28
4.843750e-02 2.343750e-02 8.013338e-01 -6.060768e-29 -6.060768e-29
5.000000e-02 2.343750e-02 8.013338e-01 0.000000e+00 0.000000e+00
0.000000e+00 2.500000e-02 8.013338e-01 0.000000e+00 0.000000e+00
1.562500e-03 2.500000e-02 8.013338e-01 7.753806e-28 7.753806e-28
3.125000e-03 2.500000e-02 8.013338e-01 1.543353e-27 1.543353e-27
4.687500e-03 2.500000e-02 8.013338e-01 2.296578e-27 2.296578e-27
6.250000e-03 2.500000e-02 8.013338e-01 3.027855e-27 3.027855e-27
7.812500e-03 2.500000e-02 8.013338e-01 3.730186e-27 3.730186e-27
9.375000e-03 2.500000e-02 8.013338e-01 4.396845e-27 4.396845e-27
1.093750e-02 2.500000e-02 8.013338e-01 5.021441e-27 5.021441e-27
1.250000e-02 2.500000e-02 8.013338e-01 5.597975e-27 5.597975e-27
1.406250e-02 2.500000e-02 8.013338e-01 6.120899e-27 6.120899e-27
1.562500e-02 2.500000e-02 8.013338e-01 6.585174e-27 6.585174e-27
1.718750e-02 2.500000e-02 8.013338e-01 6.986309e-27 6.986309e-27
1.875000e-02 2.500000e-02 8.013338e-01 7.320413e-27 7.320413e-27
2.031250e-02 2.500000e-02 8.013338e-01 7.584232e-27 7.584232e-27
2.187500e-02 2.500000e-02 8.013338e-01 7.775178e-27 7.775178e-27
2.343750e-02 2.500000e-02 8.013338e-01 7.891360e-27 7.891360e-27
2.500000e-02 2.500000e-02 8.013338e-01 7.931602e-27 7.931602e-27
2.656250e-02 2.500000e-02 8.013338e-01 7.895458e-27 7.895458e-27
2.812500e-02 2.500000e-02 8.013338e-01 7.783217e-27 7.783217e-27
2.968750e-02 2.500000e-02 8.013338e-01 7.595903e-27 7.595903e-27
3.125000e-02 2.500000e-02 8.013338e-01 7.335268e-27 7.335268e-27
3.281250e-02 2.500000e-02 8.013338e-01 7.003776e-27 7.003776e-27
3.437500e-02 2.500000e-02 8.013338e-01 6.604582e-27 6.604582e-27
3.593750e-02 2.500000e-02 8.013338e-01 6.141503e-27 6.141503e-27
3.750000e-02 2.500000e-02 8.013338e-01 5.618981e-27 5.618981e-27
3.906250e-02 2.500000e-02 8.013338e-01 5.042044e-27 5.042044e-27
4.062500e-02 2.500000e-02 8.013338e-01 4.416253e-27 4.416253e-27
4.218750e-02 2.500000e-02 8.013338e-01 3.747652e-27 3.747652e-27
4.375000e-02 2.500000e-02 8.013338e-01 3.042709e-27 3.042709e-27
4.531250e-02 2.500000e-02 8.013338e-01 2.308249e-27 2.308249e-27
4.687500e-02 2.500000e-02 8.013338e-01 1.551392e-27 1.551392e-27
4.843750e-02 2.500000e-02 8.013338e-01 7.794787e-28 7.794787e-28
5.000000e-02 2.500000e-02 8.013338e-01 0.000000e+00 0.000000e+00
0.000000e+00 2.656250e-02 8.013338e-01 0.000000e+00 0.000000e+00
1.562500e-03 2.656250e-02 8.013338e-01 3.788711e-26 3.788711e-26
3.125000e-03 2.656250e-02 8.013338e-01 7.541319e-26 7.541319e-26
4.687500e-03 2.656250e-02 8.013338e-01 1.122205e-25 1.122205e-25
6.250000e-03 2.656250e-02 8.013338e-01 1.479580e-25 1.479580e-25
7.812500e-03 2.656250e-02 8.013338e-01 1.822845e-25 1.822845e-25
9.375000e-03 2.656250e-02 8.013338e-01 2.148718e-25 2.148718e-25
1.093750e-02 2.656250e-02 8.013338e-01 2.454079e-25 2.454079e-25
1.250000e-02 2.656250e-02 8.013338e-01 2.735999e-25 2.735999e-25
1.406250e-02 2.656250e-02 8.013338e-01 2.991767e-25 2.991767e-25
1.562500e-02 2.656250e-02 8.013338e-01 3.218914e-25 3.218914e-25
1.718750e-02 2.656250e-02 8.013338e-01 3.415244e-25 3.415244e-25
1.875000e-02 2.656250e-02 8.013338e-01 3.578845e-25 3.578845e-25
2.031250e-02 2.656250e-02 8.013338e-01 3.708120e-25 3.708120e-25
2.187500e-02 2.656250e-02 8.013338e-01 3.801792e-25 3.801792e-25
2.343750e-02 2.656250e-02 8.013338e-01 3.858927e-25 3.858927e-25
2.500000e-02 2.656250e-02 8.013338e-01 3.878936e-25 3.878936e-25
2.656250e-02 2.656250e-02 8.013338e-01 3.861588e-25 3.861588e-25
2.812500e-02 2.656250e-02 8.013338e-01 3.807013e-25 3.807013e-25
2.968750e-02 2.656250e-02 8.013338e-01 3.715699e-25 3.715699e-25
3.125000e-02 2.656250e-02 8.013338e-01 3.588491e-25 3.588491e-25
3.281250e-02 2.656250e-02 8.013338e-01 3.426585e-25 3.426585e-25
3.437500e-02 2.656250e-02 8.013338e-01 3.231515e-25 3.231515e-25
3.593750e-02 2.656250e-02 8.013338e-01 3.005143e-25 3.005143e-25
3.750000e-02 2.656250e-02 8.013338e-01 2.749637e-25 2.749637e-25
3.906250e-02 2.656250e-02 8.013338e-01 2.467455e-25 2.467455e-25
4.062500e-02 2.656250e-02 8.013338e-01 2.161317e-25 2.161317e-25
4.218750e-02 2.656250e-02 8.013338e-01 1.834183e-25 1.834183e-25
4.375000e-02 2.656250e-02 8.013338e-01 1.489222e-25 1.489222e-25
4.531250e-02 2.656250e-02 8.013338e-01 1.129780e-25 1.129780e-25
4.687500e-02 2.656250e-02 8.013338e-01 7.593496e-26 7.593496e-26
4.843750e-02 2.656250e-02 8.013338e-01 3.815311e-26 3.815311e-26
5.000000e-02 2.656250e-02 8.013338e-01 0.000000e+00 0.000000e+00
0.000000e+00 2.812500e-02 8.013338e-01 0.000000e+00 0.000000e+00
1.562500e-03 2.812500e-02 8.013338e-01 7.281932e-25 7.281932e-25
3.125000e-03 2.812500e-02 8.013338e-01 1.449623e-24 1.449623e-24
4.687500e-03 2.812500e-02 8.013338e-01 2.157581e-24 2.157581e-24
6.250000e-03 2.812500e-02 8.013338e-01 2.845471e-24 2.845471e-24
7.812500e-03 2.812500e-02 8.013338e-01 3.506863e-24 3.506863e-24
9.375000e-03 2.812500e-02 8.013338e-01 4.135546e-24 4.135546e-24
1.093750e-02 2.812500e-02 8.013338e-01 4.725584e-24 4.725584e-24
1.250000e-02 2.812500e-02 8.013338e-01 5.271370e-24 5.271370e-24
1.406250e-02 2.812500e-02 8.013338e-01 5.767672e-24 5.767672e-24
1.562500e-02 2.812500e-02 8.013338e-01 6.209689e-24 6.209689e-24
1.718750e-02 2.812500e-02 8.013338e-01 6.593092e-24 6.593092e-24
1.875000e-02 2.812500e-02 8.013338e-01 6.914071e-24 6.914071e-24
2.031250e-02 2.812500e-02 8.013338e-01 7.169377e-24 7.169377e-24
2.187500e-02 2.812500e-02 8.013338e-01 7.356358e-24 7.356358e-24
2.343750e-02 2.812500e-02 8.013338e-01 7.472990e-24 7.472990e-24
2.500000e-02 2.812500e-02 8.013338e-01 7.517909e-24 7.517909e-24
2.656250e-02 2.812500e-02 8.013338e-01 7.490431e-24 7.490431e-24
2.812500e-02 2.812500e-02 8.013338e-01 7.390568e-24 7.390568e-24
2.968750e-02 2.812500e-02 8.013338e-01 7.219039e-24 7.219039e-24
3.125000e-02 2.812500e-02 8.013338e-01 6.977272e-24 6.977272e-24
3.281250e-02 2.812500e-02 8.013338e-01 6.667399e-24 6.667399e-24
3.437500e-02 2.812500e-02 8.013338e-01 6.292244e-24 6.292244e-24
3.593750e-02 2.812500e-02 8.013338e-01 5.855298e-24 5.855298e-24
3.750000e-02 2.812500e-02 8.013338e-01 5.360698e-24 5.360698e-24
3.906250e-02 2.812500e-02 8.013338e-01 4.813182e-24 4.813182e-24
4.062500e-02 2.812500e-02 8.013338e-01 4.218048e-24 4.218048e-24
4.218750e-02 2.812500e-02 8.013338e-01 3.581103e-24 3.581103e-24
4.375000e-02 2.812500e-02 8.013338e-01 2.908599e-24 2.908599e-24
4.531250e-02 2.812500e-02 8.013338e-01 2.207176e-24 2.207176e-24
4.687500e-02 2.812500e-02 8.013338e-01 1.483782e-24 1.483782e-24
4.843750e-02 2.812500e-02 8.013338e-01 7.456063e-25 7.456063e-25
5.000000e-02 2.812500e-02 8.013338e-01 0.000000e+00 0.000000e+00
0.000000e+00 2.968750e-02 8.013338e-01 0.000000e+00 0.000000e+00
1.562500e-03 2.968750e-02 8.013338e-01 -3.173623e-24 -3.173623e-24
3.125000e-03 2.968750e-02 8.013338e-01 -6.300963e-24 -6.300963e-24
4.687500e-03 2.968750e-02 8.013338e-01 -9.336780e-24 -9.336780e-24
6.250000e-03 2.968750e-02 8.013338e-01 -1.223790e-23 -1.223790e-23
7.812500e-03 2.968750e-02 8.013338e-01 -1.496420e-23 -1.496420e-23
9.375000e-03 2.968750e-02 8.013338e-01 -1.747944e-23 -1.747944e-23
1.093750e-02 2.968750e-02 8.013338e-01 -1.975206e-23 -1.975206e-23
1.250000e-02 2.968750e-02 8.013338e-01 -2.175575e-23 -2.175575e-23
1.406250e-02 2.968750e-02 8.013338e-01 -2.346988e-23 -2.346988e-23
1.562500e-02 2.968750e-02 8.013338e-01 -2.487975e-23 -2.487975e-23
1.718750e-02 2.968750e-02 8.013338e-01 -2.597659e-23 -2.597659e-23
1.875000e-02 2.968750e-02 8.013338e-01 -2.675752e-23 -2.675752e-23
2.031250e-02 2.968750e-02 8.013338e-01 -2.722517e-23 -2.722517e-23
2.187500e-02 2.968750e-02 8.013338e-01 -2.738736e-23 -2.738736e-23
2.343750e-02 2.968750e-02 8.013338e-01 -2.725647e-23 -2.725647e-23
2.500000e-02 2.968750e-02 8.013338e-01 -2.684880e-23 -2.684880e-23
2.656250e-02 2.968750e-02 8.013338e-01 -2.618381e-23 -2.618381e-23
2.812500e-02 2.968750e-02 8.013338e-01 -2.528330e-23 -2.528330e-23
2.968750e-02 2.968750e-02 8.013338e-01 -2.417061e-23 -2.417061e-23
3.125000e-02 2.968750e-02 8.013338e-01 -2.286984e-23 -2.286984e-23
3.281250e-02 2.968750e-02 8.013338e-01 -2.140516e-23 -2.140516e-23
3.437500e-02 2.968750e-02 8.013338e-01 -1.980017e-23 -1.980017e-23
3.593750e-02 2.968750e-02 8.013338e-01 -1.807730e-23 -1.807730e-23
3.750000e-02 2.968750e-02 8.013338e-01 -1.625737e-23 -1.625737e-23
3.906250e-02 2.968750e-02 8.013338e-01 -1.435920e-23 -1.435920e-23
4.062500e-02 2.968750e-02 8.013338e-01 -1.239938e-23 -1.239938e-23
4.218750e-02 2.968750e-02 8.013338e-01 -1.039221e-23 -1.039221e-23
4.375000e-02 2.968750e-02 8.013338e-01 -8.349725e-24 -8.349725e-24
4.531250e-02 2.968750e-02 8.013338e-01 -6.281849e-24 -6.281849e-24
4.687500e-02 2.968750e-02 8.013338e-01 -4.196688e-24 -4.196688e-24
4.843750e-02 2.968750e-02 8.013338e-01 -2.100873e-24 -2.100873e-24
5.000000e-02 2.968750e-02 8.013338e-01 0.000000e+00 0.000000e+00
0.000000e+00 3.125000e-02 8.013338e-01 0.000000e+00 0.000000e+00
1.562500e-03 3.125000e-02 8.013338e-01 3.453369e-22 3.453369e-22
3.125000e-03 3.125000e-02 8.013338e-01 6.881438e-22 6.881438e-22
4.687500e-03 3.125000e-02 8.013338e-01 1.025913e-21 1.025913e-21
6.250000e-03 3.125000e-02 8.013338e-01 1.356146e-21 1.356146e-21
7.812500e-03 3.125000e-02 8.013338e-01 1.676345e-21 1.676345e-21
9.375000e-03 3.125000e-02 8.013338e-01 1.984002e-21 1.984002e-21
1.093750e-02 3.125000e-02 8.013338e-01 2.276578e-21 2.276578e-21
1.250000e-02 3.125000e-02 8.013338e-01 2.551474e-21 2.551474e-21
1.406250e-02 3.125000e-02 8.013338e-01 2.806046e-21 2.806046e-21
1.562500e-02 3.125000e-02 8.013338e-01 3.037653e-21 3.037653e-21
1.718750e-02 3.125000e-02 8.013338e-01 3.243713e-21 3.243713e-21
1.875000e-02 3.125000e-02 8.013338e-01 3.421744e-21 3.421744e-21
2.031250e-02 3.125000e-02 8.013338e-01 3.569409e-21 3.569409e-21
2.187500e-02 3.125000e-02 8.013338e-01 3.684587e-21 3.684587e-21
2.343750e-02 3.125000e-02 8.013338e-01 3.765398e-21 3.765398e-21
2.500000e-02 3.125000e-02 8.013338e-01 3.810264e-21 3.810264e-21
2.656250e-02 3.125000e-02 8.013338e-01 3.817989e-21 3.817989e-21
2.812500e-02 3.125000e-02 8.013338e-01 3.787798e-21 3.787798e-21
2.968750e-02 3.125000e-02 8.013338e-01 3.719406e-21 3.719406e-21
3.125000e-02 3.125000e-02 8.013338e-01 3.612991e-21 3.612991e-21
3.281250e-02 3.125000e-02 8.013338e-01 3.469152e-21 3.469152e-21
3.437500e-02 3.125000e-02 8.013338e-01 3.288916e-21 3.288916e-21
3.593750e-02 3.125000e-02 8.013338e-01 3.073728e-21 3.073728e-21
3.750000e-02 3.125000e-02 8.013338e-01 2.825435e-21 2.825435e-21
3.906250e-02 3.125000e-02 8.013338e-01 2.546288e-21 2.546288e-21
4.062500e-02 3.125000e-02 8.013338e-01 2.238950e-21 2.238950e-21
4.218750e-02 3.125000e-02 8.013338e-01 1.906486e-21 1.906486e-21
4.375000e-02 3.125000e-02 8.013338e-01 1.552347e-21 1.552347e-21
4.531250e-02 3.125000e-02 8.013338e-01 1.180355e-21 1.180355e-21
4.687500e-02 3.125000e-02 8.013338e-01 7.946659e-22 7.946659e-22
4.843750e-02 3.125000e-02 8.013338e-01 3.996844e-22 3.996844e-22
5.000000e-02 3.125000e-02 8.013338e-01 0.000000e+00 0.000000e+00
0.000000e+00 3.281250e-02 8.013338e-01 0.000000e+00 0.000000e+00
1.562500e-03 3.281250e-02 8.013338e-01 3.617798e-19 3.617798e-19
3.125000e-03 3.281250e-02 8.013338e-01 7.200097e-19 7.200097e-19
4.687500e-03 3.281250e-02 8.013338e-01 1.071236e-18 1.071236e-18
6.250000e-03 3.281250e-02 8.013338e-01 1.412073e-18 1.412073e-18
7.812500e-03 3.281250e-02 8.013338e-01 1.739242e-18 1.739242e-18
9.375000e-03 3.281250e-02 8.013338e-01 2.049651e-18 2.049651e-18
1.093750e-02 3.281250e-02 8.013338e-01 2.340381e-18 2.340381e-18
1.250000e-02 3.281250e-02 8.013338e-01 2.608663e-18 2.608663e-18
1.406250e-02 3.281250e-02 8.013338e-01 2.851915e-18 2.851915e-18
1.562500e-02 3.281250e-02 8.013338e-01 3.067814e-18 3.067814e-18
1.718750e-02 3.281250e-02 8.013338e-01 3.254323e-18 3.254323e-18
1.875000e-02 3.281250e-02 8.013338e-01 3.409673e-18 3.409673e-18
2.031250e-02 3.281250e-02 8.013338e-01 3.532330e-18 3.532330e-18
2.187500e-02 3.281250e-02 8.013338e-01 3.621128e-18 3.621128e-18
2.343750e-02 3.281250e-02 8.013338e-01 3.675179e-18 3.675179e-18
2.500000e-02 3.281250e-02 8.013338e-01 3.693893e-18 3.693893e-18
2.656250e-02 3.281250e-02 8.013338e-01 3.677062e-18 3.677062e-18
2.812500e-02 3.281250e-02 8.013338e-01 3.624792e-18 3.624792e-18
2.968750e-02 3.281250e-02 8.013338e-01 3.537625e-18 3.537625e-18
3.125000e-02 3.281250e-02 8.013338e-01 3.416443e-18 3.416443e-18
3.281250e-02 3.281250e-02 8.013338e-01 3.262380e-18 3.262380e-18
3.437500e-02 3.281250e-02 8.013338e-01 3.076905e-18 3.076905e-18
3.593750e-02 3.281250e-02 8.013338e-01 2.861757e-18 2.861757e-18
3.750000e-02 3.281250e-02 8.013338e-01 2.618940e-18 2.618940e-18
3.906250e-02 3.281250e-02 8.013338e-01 2.350718e-18 2.350718e-18
4.062500e-02 3.281250e-02 8.013338e-01 2.059604e-18 2.059604e-18
4.218750e-02 3.281250e-02 8.013338e-01 1.748345e-18 1.748345e-18
4.375000e-02 3.281250e-02 8.013338e-01 1.419893e-18 1.419893e-18
4.531250e-02 3.281250e-02 8.013338e-01 1.077413e-18 1.077413e-18
4.687500e-02 3.281250e-02 8.013338e-01 7.242821e-19 7.242821e-19
4.843750e-02 3.281250e-02 8.013338e-01 3.639679e-19 3.639679e-19
5.000000e-02 3.281250e-02 8.013338e-01 0.000000e+00 0.000000e+00
0.000000e+00 3.437500e-02 8.013338e-01 0.000000e+00 0.000000e+00
1.562500e-03 3.437500e-02 8.013338e-01 -2.393441e-18 -2.393441e-18
3.125000e-03 3.437500e-02 8.013338e-01 -4.820993e-18 -4.820993e-18
4.687500e-03 3.437500e-02 8.013338e-01 -7.178375e-18 -7.178375e-18
6.250000e-03 3.437500e-02 8.013338e-01 -9.472622e-18 -9.472622e-18
7.812500e-03 3.437500e-02 8.013338e-01 -1.170088e-17 -1.170088e-17
9.375000e-03 3.437500e-02 8.013338e-01 -1.376588e-17 -1.376588e-17
1.093750e-02 3.437500e-02 8.013338e-01 -1.563600e-17 -1.563600e-17
1.250000e-02 3.437500e-02 8.013338e-01 -1.733508e-17 -1.733508e-17
1.406250e-02 3.437500e-02 8.013338e-01 -1.891151e-17 -1.891151e-17
1.562500e-02 3.437500e-02 8.013338e-01 -2.031765e-17 -2.031765e-17
1.718750e-02 3.437500e-02 8.013338e-01 -2.147581e-17 -2.147581e-17
1.875000e-02 3.437500e-02 8.013338e-01 -2.230664e-17 -2.230664e-17
2.031250e-02 3.437500e-02 8.013338e-01 -2.296903e-17 -2.296903e-17
2.187500e-02 3.437500e-02 8.013338e-01 -2.339485e-17 -2.339485e-17
2.343750e-02 3.437500e-02 8.013338e-01 -2.355703e-17 -2.355703e-17
2.500000e-02 3.437500e-02 8.013338e-01 -2.353992e-17 -2.353992e-17
2.656250e-02 3.437500e-02 8.013338e-01 -2.327709e-17 -2.327709e-17
2.812500e-02 3.437500e-02 8.013338e-01 -2.291888e-17 -2.291888e-17
2.968750e-02 3.437500e-02 8.013338e-01 -2.235378e-17 -2.235378e-17
3.125000e-02 3.437500e-02 8.013338e-01 -2.153687e-17 -2.153687e-17
3.281250e-02 3.437500e-02 8.013338e-01 -2.051521e-17 -2.051521e-17
3.437500e-02 3.437500e-02 8.013338e-01 -1.922266e-17 -1.922266e-17
3.593750e-02 3.437500e-02 8.013338e-01 -1.775895e-17 -1.775895e-17
3.750000e-02 3.437500e-02 8.013338e-01 -1.617956e-17 -1.617956e-17
3.906250e-02 3.437500e-02 8.013338e-01 -1.449138e-17 -1.449138e-17
4.062500e-02 3.437500e-02 8.013338e-01 -1.267718e-17 -1.267718e-17
4.218750e-02 3.437500e-02 8.013338e-01 -1.073004e-17 -1.073004e-17
4.375000e-02 3.437500e-02 8.013338e-01 -8.666820e-18 -8.666820e-18
4.531250e-02 3.437500e-02 8.013338e-01 -6.549924e-18 -6.549924e-18
4.687500e-02 3.437500e-02 8.013338e-01 -4.354128e-18 -4.354128e-18
4.843750e-02 3.437500e-02 8.013338e-01 -2.117533e-18 -2.117533e-18
5.000000e-02 3.437500e-02 8.013338e-01 0.000000e+00 0.000000e+00
0.000000e+00 3.593750e-02 8.013338e-01 0.000000e+00 0.000000e+00
1.562500e-03 3.593750e-02 8.013338e-01 -1.126286e-14 -1.126286e-14
3.125000e-03 3.593750e-02 8.013338e-01 -2.249910e-14 -2.249910e-14
4.687500e-03 3.593750e-02 8.013338e-01 -3.345215e-14 -3.345215e-14
6.250000e-03 3.593750e-02 8.013338e-01 -4.416223e-14 -4.416223e-14
7.812500e-03 3.593750e-02 8.013338e-01 -5.442457e-14 -5.442457e-14
9.375000e-03 3.593750e-02 8.013338e-01 -6.395455e-14 -6.395455e-14
1.093750e-02 3.593750e-02 8.013338e-01 -7.275140e-14 -7.275140e-14
1.250000e-02 3.593750e-02 8.013338e-01 -8.083221e-14 -8.083221e-14
1.406250e-02 3.593750e-02 8.013338e-01 -8.822864e-14 -8.822864e-14
1.562500e-02 3.593750e-02 8.013338e-01 -9.471962e-14 -9.471962e-14
1.718750e-02 3.593750e-02 8.013338e-01 -1.003533e-13 -1.003533e-13
1.875000e-02 3.593750e-02 8.013338e-01 -1.047777e-13 -1.047777e-13
2.031250e-02 3.593750e-02 8.013338e-01 -1.084144e-13 -1.084144e-13
2.187500e-02 3.593750e-02 8.013338e-01 -1.110729e-13 -1.110729e-13
2.343750e-02 3.593750e-02 8.013338e-01 -1.125394e-13 -1.125394e-13
2.500000e-02 3.593750e-02 8.013338e-01 -1.130804e-13 -1.130804e-13
2.656250e-02 3.593750e-02 8.013338e-01 -1.124475e-13 -1.124475e-13
2.812500e-02 3.593750e-02 8.013338e-01 -1.111207e-13 -1.111207e-13
2.968750e-02 3.593750e-02 8.013338e-01 -1.085684e-13 -1.085684e-13
3.125000e-02 3.593750e-02 8.013338e-01 -1.049587e-13 -1.049587e-13
3.281250e-02 3.593750e-02 8.013338e-01 -1.004365e-13 -1.004365e-13
3.437500e-02 3.593750e-02 8.013338e-01 -9.463225e-14 -9.463225e-14
3.593750e-02 3.593750e-02 8.013338e-01 -8.804245e-14 -8.804245e-14
3.750000e-02 3.593750e-02 8.013338e-01 -8.070065e-14 -8.070065e-14
3.906250e-02 3.593750e-02 8.013338e-01 -7.263343e-14 -7.263343e-14
4.062500e-02 3.593750e-02 8.013338e-01 -6.383841e-14 -6.383841e-14
4.218750e-02 3.593750e-02 8.013338e-01 -5.431773e-14 -5.431773e-14
4.375000e-02 3.593750e-02 8.013338e-01 -4.406391e-14 -4.406391e-14
4.531250e-02 3.593750e-02 8.013338e-01 -3.333079e-14 -3.333079e-14
4.687500e-02 3.593750e-02 8.013338e-01 -2.227991e-14 -2.227991e-14
4.843750e-02 3.593750e-02 8.013338e-01 -1.101786e-14 -1.101786e-14
5.000000e-02 3.593750e-02 8.013338e-01 0.000000e+00 0.000000e+00
0.000000e+00 3.750000e-02 8.013338e-01 0.000000e+00 0.000000e+00
1.562500e-03 3.750000e-02 8.013338e-01 -6.621790e-14 -6.621790e-14
3.125000e-03 3.750000e-02 8.013338e-01 -1.321001e-13 -1.321001e-13
4.687500e-03 3.750000e-02 8.013338e-01 -1.967786e-13 -1.967786e-13
6.250000e-03 3.750000e-02 8.013338e-01 -2.593971e-13 -2.593971e-13
7.812500e-03 3.750000e-02 8.013338e-01 -3.195194e-13 -3.195194e-13
9.375000e-03 3.750000e-02 8.013338e-01 -3.765056e-13 -3.765056e-13
1.093750e-02 3.750000e-02 8.013338e-01 -4.300593e-13 -4.300593e-13
1.250000e-02 3.750000e-02 8.013338e-01 -4.794787e-13 -4.794787e-13
1.406250e-02 3.750000e-02 8.013338e-01 -5.241851e-13 -5.241851e-13
1.562500e-02 3.750000e-02 8.013338e-01 -5.638831e-13 -5.638831e-13
1.718750e-02 3.750000e-02 8.013338e-01 -5.981198e-13 -5.981198e-13
1.875000e-02 3.750000e-02 8.013338e-01 -6.265504e-13 -6.265504e-13
2.031250e-02 3.750000e-02 8.013338e-01 -6.489083e-13 -6.489083e-13
2.187500e-02 3.750000e-02 8.013338e-01 -6.651100e-13 -6.651100e-13
2.343750e-02 3.750000e-02 8.013338e-01 -6.748401e-13 -6.748401e-13
2.500000e-02 3.750000e-02 8.013338e-01 -6.780053e-13 -6.780053e-13
2.656250e-02 3.750000e-02 8.013338e-01 -6.748105e-13 -6.748105e-13
2.812500e-02 3.750000e-02 8.013338e-01 -6.650491e-13 -6.650491e-13
2.968750e-02 3.750000e-02 8.013338e-01 -6.488252e-13 -6.488252e-13
3.125000e-02 3.750000e-02 8.013338e-01 -6.264754e-13 -6.264754e-13
3.281250e-02 3.750000e-02 8.013338e-01 -5.980990e-13 -5.980990e-13
3.437500e-02 3.750000e-02 8.013338e-01 -5.639555e-13 -5.639555e-13
3.593750e-02 3.750000e-02 8.013338e-01 -5.241895e-13 -5.241895e-13
3.750000e-02 3.750000e-02 8.013338e-01 -4.794173e-13 -4.794173e-13
3.906250e-02 3.750000e-02 8.013338e-01 -4.301451e-13 -4.301451e-13
4.062500e-02 3.750000e-02 8.013338e-01 -3.766259e-13 -3.766259e-13
4.218750e-02 3.750000e-02 8.013338e-01 -3.194909e-13 -3.194909e-13
4.375000e-02 3.750000e-02 8.013338e-01 -2.592876e-13 -2.592876e-13
4.531250e-02 3.750000e-02 8.013338e-01 -1.966194e-13 -1.966194e-13
4.687500e-02 3.750000e-02 8.013338e-01 -1.317728e-13 -1.317728e-13
4.843750e-02 3.750000e-02 8.013338e-01 -6.586248e-14 -6.586248e-14
5.000000e-02 3.750000e-02 8.013338e-01 0.000000e+00 0.000000e+00
0.000000e+00 3.906250e-02 8.013338e-01 0.000000e+00 0.000000e+00
1.562500e-03 3.906250e-02 8.013338e-01 -3.299070e-13 -3.299070e-13
3.125000e-03 3.906250e-02 8.013338e-01 -6.587988e-13 -6.587988e-13
4.687500e-03 3.906250e-02 8.013338e-01 -9.816743e-13 -9.816743e-13
6.250000e-03 3.906250e-02 8.013338e-01 -1.294527e-12 -1.294527e-12
7.812500e-03 3.906250e-02 8.013338e-01 -1.595384e-12 -1.595384e-12
9.375000e-03 3.906250e-02 8.013338e-01 -1.880823e-12 -1.880823e-12
1.093750e-02 3.906250e-02 8.013338e-01 -2.148139e-12 -2.148139e-12
1.250000e-02 3.906250e-02 8.013338e-01 -2.394736e-12 -2.394736e-12
1.406250e-02 3.906250e-02 8.013338e-01 -2.618406e-12 -2.618406e-12
1.562500e-02 3.906250e-02 8.013338e-01 -2.816431e-12 -2.816431e-12
1.718750e-02 3.906250e-02 8.013338e-01 -2.987321e-12 -2.987321e-12
1.875000e-02 3.906250e-02 8.013338e-01 -3.129604e-12 -3.129604e-12
2.031250e-02 3.906250e-02 8.013338e-01 -3.241748e-12 -3.241748e-12
2.187500e-02 3.906250e-02 8.013338e-01 -3.322826e-12 -3.322826e-12
2.343750e-02 3.906250e-02 8.013338e-01 -3.371796e-12 -3.371796e-12
2.500000e-02 3.906250e-02 8.013338e-01 -3.388038e-12 -3.388038e-12
2.656250e-02 3.906250e-02 8.013338e-01 -3.371677e-12 -3.371677e-12
2.812500e-02 3.906250e-02 8.013338e-01 -3.322748e-12 -3.322748e-12
2.968750e-02 3.906250e-02 8.013338e-01 -3.241682e-12 -3.241682e-12
3.125000e-02 3.906250e-02 8.013338e-01 -3.129518e-12 -3.129518e-12
3.281250e-02 3.906250e-02 8.013338e-01 -2.987385e-12 -2.987385e-12
3.437500e-02 3.906250e-02 8.013338e-01 -2.816520e-12 -2.816520e-12
3.593750e-02 3.906250e-02 8.013338e-01 -2.618423e-12 -2.618423e-12
3.750000e-02 3.906250e-02 8.013338e-01 -2.394741e-12 -2.394741e-12
3.906250e-02 3.906250e-02 8.013338e-01 -2.148177e-12 -2.148177e-12
4.062500e-02 3.906250e-02 8.013338e-01 -1.880980e-12 -1.880980e-12
4.218750e-02 3.906250e-02 8.013338e-01 -1.595632e-12 -1.595632e-12
4.375000e-02 3.906250e-02 8.013338e-01 -1.294849e-12 -1.294849e-12
4.531250e-02 3.906250e-02 8.013338e-01 -9.819882e-13 -9.819882e-13
4.687500e-02 3.906250e-02 8.013338e-01 -6.591282e-13 -6.591282e-13
4.843750e-02 3.906250e-02 8.013338e-01 -3.302470e-13 -3.302470e-13
5.000000e-02 3.906250e-02 8.013338e-01 0.000000e+00 0.000000e+00
0.000000e+00 4.062500e-02 8.013338e-01 0.000000e+00 0.000000e+00
1.562500e-03 4.062500e-02 8.013338e-01 -1.386526e-12 -1.386526e-12
3.125000e-03 4.062500e-02 8.013338e-01 -2.768118e-12 -2.768118e-12
4.687500e-03 4.062500e-02 8.013338e-01 -4.124500e-12 -4.124500e-12
6.250000e-03 4.062500e-02 8.013338e-01 -5.438506e-12 -5.438506e-12
7.812500e-03 4.062500e-02 8.013338e-01 -6.701877e-12 -6.701877e-12
9.375000e-03 4.062500e-02 8.013338e-01 -7.899729e-12 -7.899729e-12
1.093750e-02 4.062500e-02 8.013338e-01 -9.021689e-12 -9.021689e-12
1.250000e-02 4.062500e-02 8.013338e-01 -1.005655e-11 -1.005655e-11
1.406250e-02 4.062500e-02 8.013338e-01 -1.099458e-11 -1.099458e-11
1.562500e-02 4.062500e-02 8.013338e-01 -1.182665e-11 -1.182665e-11
1.718750e-02 4.062500e-02 8.013338e-01 -1.254493e-11 -1.254493e-11
1.875000e-02 4.062500e-02 8.013338e-01 -1.314229e-11 -1.314229e-11
2.031250e-02 4.062500e-02 8.013338e-01 -1.361272e-11 -1.361272e-11
2.187500e-02 4.062500e-02 8.013338e-01 -1.395202e-11 -1.395202e-11
2.343750e-02 4.062500e-02 8.013338e-01 -1.415705e-11 -1.415705e-11
2.500000e-02 4.062500e-02 8.013338e-01 -1.422552e-11 -1.422552e-11
2.656250e-02 4.062500e-02 8.013338e-01 -1.415687e-11 -1.415687e-11
2.812500e-02 4.062500e-02 8.013338e-01 -1.395181e-11 -1.395181e-11
2.968750e-02 4.062500e-02 8.013338e-01 -1.361250e-11 -1.361250e-11
3.125000e-02 4.062500e-02 8.013338e-01 -1.314207e-11 -1.314207e-11
3.281250e-02 4.062500e-02 8.013338e-01 -1.254476e-11 -1.254476e-11
3.437500e-02 4.062500e-02 8.013338e-01 -1.182658e-11 -1.182658e-11
3.593750e-02 4.062500e-02 8.013338e-01 -1.099451e-11 -1.099451e-11
3.750000e-02 4.062500e-02 8.013338e-01 -1.005639e-11 -1.005639e-11
3.906250e-02 4.062500e-02 8.013338e-01 -9.021525e-12 -9.021525e-12
4.062500e-02 4.062500e-02 8.013338e-01 -7.899468e-12 -7.899468e-12
4.218750e-02 4.062500e-02 8.013338e-01 -6.701600e-12 -6.701600e-12
4.375000e-02 4.062500e-02 8.013338e-01 -5.438283e-12 -5.438283e-12
4.531250e-02 4.062500e-02 8.013338e-01 -4.124220e-12 -4.124220e-12
4.687500e-02 4.062500e-02 8.013338e-01 -2.768005e-12 -2.768005e-12
4.843750e-02 4.062500e-02 8.013338e-01 -1.386625e-12 -1.386625e-12
5.000000e-02 4.062500e-02 8.013338e-01 0.000000e+00 0.000000e+00
0.000000e+00 4.218750e-02 8.013338e-01 0.000000e+00 0.000000e+00
1.562500e-03 4.218750e-02 8.013338e-01 -4.718094e-12 -4.718094e-12
3.125000e-03 4.218750e-02 8.013338e-01 -9.419743e-12 -9.419743e-12
4.687500e-03 4.218750e-02 8.013338e-01 -1.403615e-11 -1.403615e-11
6.250000e-03 4.218750e-02 8.013338e-01 -1.850832e-11 -1.850832e-11
7.812500e-03 4.218750e-02 8.013338e-01 -2.280770e-11 -2.280770e-11
9.375000e-03 4.218750e-02 8.013338e-01 -2.688443e-11 -2.688443e-11
1.093750e-02 4.218750e-02 8.013338e-01 -3.070357e-11 -3.070357e-11
1.250000e-02 4.218750e-02 8.013338e-01 -3.422618e-11 -3.422618e-11
1.406250e-02 4.218750e-02 8.013338e-01 -3.741905e-11 -3.741905e-11
1.562500e-02 4.218750e-02 8.013338e-01 -4.025129e-11 -4.025129e-11
1.718750e-02 4.218750e-02 8.013338e-01 -4.269554e-11 -4.269554e-11
1.875000e-02 4.218750e-02 8.013338e-01 -4.472838e-11 -4.472838e-11
2.031250e-02 4.218750e-02 8.013338e-01 -4.633016e-11 -4.633016e-11
2.187500e-02 4.218750e-02 8.013338e-01 -4.748538e-11 -4.748538e-11
2.343750e-02 4.218750e-02 8.013338e-01 -4.818309e-11 -4.818309e-11
2.500000e-02 4.218750e-02 8.013338e-01 -4.841633e-11 -4.841633e-11
2.656250e-02 4.218750e-02 8.013338e-01 -4.818313e-11 -4.818313e-11
2.812500e-02 4.218750e-02 8.013338e-01 -4.748548e-11 -4.748548e-11
2.968750e-02 4.218750e-02 8.013338e-01 -4.633011e-11 -4.633011e-11
3.125000e-02 4.218750e-02 8.013338e-01 -4.472834e-11 -4.472834e-11
3.281250e-02 4.218750e-02 8.013338e-01 -4.269544e-11 -4.269544e-11
3.437500e-02 4.218750e-02 8.013338e-01 -4.025108e-11 -4.025108e-11
3.593750e-02 4.218750e-02 8.013338e-01 -3.741888e-11 -3.741888e-11
3.750000e-02 4.218750e-02 8.013338e-01 -3.422606e-11 -3.422606e-11
3.906250e-02 4.218750e-02 8.013338e-01 -3.070344e-11 -3.070344e-11
4.062500e-02 4.218750e-02 8.013338e-01 -2.688430e-11 -2.688430e-11
4.218750e-02 4.218750e-02 8.013338e-01 -2.280770e-11 -2.280770e-11
4.375000e-02 4.218750e-02 8.013338e-01 -1.850832e-11 -1.850832e-11
4.531250e-02 4.218750e-02 8.013338e-01 -1.403611e-11 -1.403611e-11
4.687500e-02 4.218750e-02 8.013338e-01 -9.419657e-12 -9.419657e-12
4.843750e-02 4.218750e-02 8.013338e-01 -4.717943e-12 -4.717943e-12
5.000000e-02 4.218750e-02 8.013338e-01 0.000000e+00 0.000000e+00
0.000000e+00 4.375000e-02 8.013338e-01 0.000000e+00 0.000000e+00
1.562500e-03 4.375000e-02 8.013338e-01 -1.231215e-11 -1.231215e-11
3.125000e-03 4.375000e-02 8.013338e-01 -2.457993e-11 -2.457993e-11
4.687500e-03 4.375000e-02 8.013338e-01 -3.662562e-11 -3.662562e-11
6.250000e-03 4.375000e-02 8.013338e-01 -4.829548e-11 -4.829548e-11
7.812500e-03 4.375000e-02 8.013338e-01 -5.951499e-11 -5.951499e-11
9.375000e-03 4.375000e-02 8.013338e-01 -7.015324e-11 -7.015324e-11
1.093750e-02 4.375000e-02 8.013338e-01 -8.011883e-11 -8.011883e-11
1.250000e-02 4.375000e-02 8.013338e-01 -8.931070e-11 -8.931070e-11
1.406250e-02 4.375000e-02 8.013338e-01 -9.764247e-11 -9.764247e-11
1.562500e-02 4.375000e-02 8.013338e-01 -1.050330e-10 -1.050330e-10
1.718750e-02 4.375000e-02 8.013338e-01 -1.114113e-10 -1.114113e-10
1.875000e-02 4.375000e-02 8.013338e-01 -1.167159e-10 -1.167159e-10
2.031250e-02 4.375000e-02 8.013338e-01 -1.208959e-10 -1.208959e-10
2.187500e-02 4.375000e-02 8.013338e-01 -1.239106e-10 -1.239106e-10
2.343750e-02 4.375000e-02 8.013338e-01 -1.257313e-10 -1.257313e-10
2.500000e-02 4.375000e-02 8.013338e-01 -1.263402e-10 -1.263402e-10
2.656250e-02 4.375000e-02 8.013338e-01 -1.257313e-10 -1.257313e-10
2.812500e-02 4.375000e-02 8.013338e-01 -1.239107e-10 -1.239107e-10
2.968750e-02 4.375000e-02 8.013338e-01 -1.208959e-10 -1.208959e-10
3.125000e-02 4.375000e-02 8.013338e-01 -1.167160e-10 -1.167160e-10
3.281250e-02 4.375000e-02 8.013338e-01 -1.114114e-10 -1.114114e-10
3.437500e-02 4.375000e-02 8.013338e-01 -1.050330e-10 -1.050330e-10
3.593750e-02 4.375000e-02 8.013338e-01 -9.764237e-11 -9.764237e-11
3.750000e-02 4.375000e-02 8.013338e-01 -8.931061e-11 -8.931061e-11
3.906250e-02 4.375000e-02 8.013338e-01 -8.011880e-11 -8.011880e-11
4.062500e-02 4.375000e-02 8.013338e-01 -7.015325e-11 -7.015325e-11
4.218750e-02 4.375000e-02 8.013338e-01 -5.951511e-11 -5.951511e-11
4.375000e-02 4.375000e-02 8.013338e-01 -4.829573e-11 -4.829573e-11
4.531250e-02 4.375000e-02 8.013338e-01 -3.662591e-11 -3.662591e-11
4.687500e-02 4.375000e-02 8.013338e-01 -2.457994e-11 -2.457994e-11
4.843750e-02 4.375000e-02 8.013338e-01 -1.231185e-11 -1.231185e-11
5.000000e-02 4.375000e-02 8.013338e-01 0.000000e+00 0.000000e+00
0.000000e+00 4.531250e-02 8.013338e-01 0.000000e+00 0.000000e+00
1.562500e-03 4.531250e-02 8.013338e-01 -2.232808e-11 -2.232808e-11
3.125000e-03 4.531250e-02 8.013338e-01 -4.457479e-11 -4.457479e-11
4.687500e-03 4.531250e-02 8.013338e-01 -6.642023e-11 -6.642023e-11
6.250000e-03 4.531250e-02 8.013338e-01 -8.758317e-11 -8.758317e-11
7.812500e-03 4.531250e-02 8.013338e-01 -1.079295e-10 -1.079295e-10
9.375000e-03 4.531250e-02 8.013338e-01 -1.272215e-10 -1.272215e-10
1.093750e-02 4.531250e-02 8.013338e-01 -1.452939e-10 -1.452939e-10
1.250000e-02 4.531250e-02 8.013338e-01 -1.619634e-10 -1.619634e-10
1.406250e-02 4.531250e-02 8.013338e-01 -1.770732e-10 -1.770732e-10
1.562500e-02 4.531250e-02 8.013338e-01 -1.904760e-10 -1.904760e-10
1.718750e-02 4.531250e-02 8.013338e-01 -2.020434e-10 -2.020434e-10
1.875000e-02 4.531250e-02 8.013338e-01 -2.116634e-10 -2.116634e-10
2.031250e-02 4.531250e-02 8.013338e-01 -2.192435e-10 -2.192435e-10
2.187500e-02 4.531250e-02 8.013338e-01 -2.247105e-10 -2.247105e-10
2.343750e-02 4.531250e-02 8.013338e-01 -2.280119e-10 -2.280119e-10
2.500000e-02 4.531250e-02 8.013338e-01 -2.291160e-10 -2.291160e-10
2.656250e-02 4.531250e-02 8.013338e-01 -2.280119e-10 -2.280119e-10
2.812500e-02 4.531250e-02 8.013338e-01 -2.247105e-10 -2.247105e-10
2.968750e-02 4.531250e-02 8.013338e-01 -2.192434e-10 -2.192434e-10
3.125000e-02 4.531250e-02 8.013338e-01 -2.116634e-10 -2.116634e-10
3.281250e-02 4.531250e-02 8.013338e-01 -2.020434e-10 -2.020434e-10
3.437500e-02 4.531250e-02 8.013338e-01 -1.904760e-10 -1.904760e-10
3.593750e-02 4.531250e-02 8.013338e-01 -1.770733e-10 -1.770733e-10
3.750000e-02 4.531250e-02 8.013338e-01 -1.619636e-10 -1.619636e-10
3.906250e-02 4.531250e-02 8.013338e-01 -1.452941e-10 -1.452941e-10
4.062500e-02 4.531250e-02 8.013338e-01 -1.272216e-10 -1.272216e-10
4.218750e-02 4.531250e-02 8.013338e-01 -1.079296e-10 -1.079296e-10
4.375000e-02 4.531250e-02 8.013338e-01 -8.758337e-11 -8.758337e-11
4.531250e-02 4.531250e-02 8.013338e-01 -6.642037e-11 -6.642037e-11
4.687500e-02 4.531250e-02 8.013338e-01 -4.457463e-11 -4.457463e-11
4.843750e-02 4.531250e-02 8.013338e-01 -2.232777e-11 -2.232777e-11
5.000000e-02 4.531250e-02 8.013338e-01 0.000000e+00 0.000000e+00
0.000000e+00 4.687500e-02 8.013338e-01 0.000000e+00 0.000000e+00
1.562500e-03 4.687500e-02 8.013338e-01 -2.221058e-11 -2.221058e-11
3.125000e-03 4.687500e-02 8.013338e-01 -4.433905e-11 -4.433905e-11
4.687500e-03 4.687500e-02 8.013338e-01 -6.607003e-11 -6.607003e-11
6.250000e-03 4.687500e-02 8.013338e-01 -8.712112e-11 -8.712112e-11
7.812500e-03 4.687500e-02 8.013338e-01 -1.073603e-10 -1.073603e-10
9.375000e-03 4.687500e-02 8.013338e-01 -1.265507e-10 -1.265507e-10
1.093750e-02 4.687500e-02 8.013338e-01 -1.445280e-10 -1.445280e-10
1.250000e-02 4.687500e-02 8.013338e-01 -1.611095e-10 -1.611095e-10
1.406250e-02 4.687500e-02 8.013338e-01 -1.761392e-10 -1.761392e-10
1.562500e-02 4.687500e-02 8.013338e-01 -1.894712e-10 -1.894712e-10
1.718750e-02 4.687500e-02 8.013338e-01 -2.009772e-10 -2.009772e-10
1.875000e-02 4.687500e-02 8.013338e-01 -2.105463e-10 -2.105463e-10
2.031250e-02 4.687500e-02 8.013338e-01 -2.180865e-10 -2.180865e-10
2.187500e-02 4.687500e-02 8.013338e-01 -2.235248e-10 -2.235248e-10
2.343750e-02 4.687500e-02 8.013338e-01 -2.268090e-10 -2.268090e-10
2.500000e-02 4.687500e-02 8.013338e-01 -2.279072e-10 -2.279072e-10
2.656250e-02 4.687500e-02 8.013338e-01 -2.268088e-10 -2.268088e-10
2.812500e-02 4.687500e-02 8.013338e-01 -2.235248e-10 -2.235248e-10
2.968750e-02 4.687500e-02 8.013338e-01 -2.180865e-10 -2.180865e-10
3.125000e-02 4.687500e-02 8.013338e-01 -2.105463e-10 -2.105463e-10
3.281250e-02 4.687500e-02 8.013338e-01 -2.009773e-10 -2.009773e-10
3.437500e-02 4.687500e-02 8.013338e-01 -1.894712e-10 -1.894712e-10
3.593750e-02 4.687500e-02 8.013338e-01 -1.761394e-10 -1.761394e-10
3.750000e-02 4.687500e-02 8.013338e-01 -1.611098e-10 -1.611098e-10
3.906250e-02 4.687500e-02 8.013338e-01 -1.445282e-10 -1.445282e-10
4.062500e-02 4.687500e-02 8.013338e-01 -1.265509e-10 -1.265509e-10
4.218750e-02 4.687500e-02 8.013338e-01 -1.073606e-10 -1.073606e-10
4.375000e-02 4.687500e-02 8.013338e-01 -8.712145e-11 -8.712145e-11
4.531250e-02 4.687500e-02 8.013338e-01 -6.607034e-11 -6.607034e-11
4.687500e-02 4.687500e-02 8.013338e-01 -4.433954e-11 -4.433954e-11
4.843750e-02 4.687500e-02 8.013338e-01 -2.221113e-11 -2.221113e-11
5.000000e-02 4.687500e-02 8.013338e-01 0.000000e+00 0.000000e+00
0.000000e+00 4.843750e-02 7.973338e-01 0.000000e+00 0.000000e+00
1.562500e-03 4.843750e-02 7.975838e-01 -3.664389e-14 -3.664389e-14
3.125000e-03 4.843750e-02 7.978338e-01 4.443056e-14 4.443056e-14
4.687500e-03 4.843750e-02 7.980838e-01 1.146711e-14 1.146711e-14
6.250000e-03 4.843750e-02 7.983338e-01 -1.366737e-14 -1.366737e-14
7.812500e-03 4.843750e-02 7.985838e-01 1.028149e-15 1.028149e-15
9.375000e-03 4.843750e-02 7.988338e-01 -4.228821e-14 -4.228821e-14
1.093750e-02 4.843750e-02 7.990838e-01 -3.868450e-14 -3.868450e-14
1.250000e-02 4.843750e-02 7.993338e-01 -6.427657e-14 -6.427657e-14
1.406250e-02 4.843750e-02 7.995838e-01 -7.367890e-14 -7.367890e-14
1.562500e-02 4.843750e-02 7.998338e-01 -8.577960e-14 -8.577960e-14
1.718750e-02 4.843750e-02 8.000838e-01 -9.710737e-14 -9.710737e-14
1.875000e-02 4.843750e-02 8.003338e-01 -1.031178e-13 -1.031178e-13
2.031250e-02 4.843750e-02 8.005838e-01 -1.108936e-13 -1.108936e-13
2.187500e-02 4.843750e-02 8.008338e-01 -1.140129e-13 -1.140129e-13
2.343750e-02 4.843750e-02 8.010838e-01 -1.173158e-13 -1.173158e-13
2.500000e-02 4.843750e-02 8.013338e-01 -1.175189e-13 -1.175189e-13
2.656250e-02 4.843750e-02 8.015838e-01 -1.167333e-13 -1.167333e-13
2.812500e-02 4.843750e-02 8.018338e-01 -1.139750e-13 -1.139750e-13
2.968750e-02 4.843750e-02 8.020838e-01 -1.102377e-13 -1.102377e-13
3.125000e-02 4.843750e-02 8.023338e-01 -1.031835e-13 -1.031835e-13
3.281250e-02 4.843750e-02 8.025838e-01 -9.643652e-14 -9.643652e-14
3.437500e-02 4.843750e-02 8.028338e-01 -8.577027e-14 -8.577027e-14
3.593750e-02 4.843750e-02 8.030838e-01 -7.297299e-14 -7.297299e-14
3.750000e-02 4.843750e-02 8.033338e-01 -6.437257e-14 -6.437257e-14
3.906250e-02 4.843750e-02 8.035838e-01 -3.799782e-14 -3.799782e-14
4.062500e-02 4.843750e-02 8.038338e-01 -4.234745e-14 -4.234745e-14
4.218750e-02 4.843750e-02 8.040838e-01 1.692507e-15 1.692507e-15
4.375000e-02 4.843750e-02 8.043338e-01 -1.366722e-14 -1.366722e-14
4.531250e-02 4.843750e-02 8.045838e-01 1.219722e-14 1.219722e-14
4.687500e-02 4.843750e-02 8.048338e-01 4.444030e-14 4.444030e-14
4.843750e-02 4.843750e-02 8.050838e-01 -3.576715e-14 -3.576715e-14
5.000000e-02 4.843750e-02 8.053338e-01 0.000000e+00 0.000000e+00
0.000000e+00 5.000000e-02 7.933338e-01 0.000000e+00 0.000000e+00
1.562500e-03 5.000000e-02 7.938338e-01 1.000000e+00 1.000000e+00
3.125000e-03 5.000000e-02 7.943338e-01 1.000000e+00 1.000000e+00
4.687500e-03 5.000000e-02 7.948338e-01 1.000000e+00 1.000000e+00
6.250000e-03 5.000000e-02 7.953338e-01 1.000000e+00 1.000000e+00
7.812500e-03 5.000000e-02 7.958338e-01 1.000000e+00 1.000000e+00
9.375000e-03 5.000000e-02 7.963338e-01 1.000000e+00 1.000000e+00
1.093750e-02 5.000000e-02 7.968338e-01 1.000000e+00 1.000000e+00
1.250000e-02 5.000000e-02 7.973338e-01 1.000000e+00 1.000000e+00
1.406250e-02 5.000000e-02 7.978338e-01 1.000000e+00 1.000000e+00
1.562500e-02 5.000000e-02 7.983338e-01 1.000000e+00 1.000000e+00
1.718750e-02 5.000000e-02 7.988338e-01 1.000000e+00 1.000000e+00
1.875000e-02 5.000000e-02 7.993338e-01 1.000000e+00 1.000000e+00
2.031250e-02 5.000000e-02 7.998338e-01 1.000000e+00 1.000000e+00
2.187500e-02 5.000000e-02 8.003338e-01 1.000000e+00 1.000000e+00
2.343750e-02 5.000000e-02 8.008338e-01 1.000000e+00 1.000000e+00
2.500000e-02 5.000000e-02 8.013338e-01 1.000000e+00 1.000000e+00
2.656250e-02 5.000000e-02 8.018338e-01 1.000000e+00 1.000000e+00
2.812500e-02 5.000000e-02 8.023338e-01 1.000000e+00 1.000000e+00
2.968750e-02 5.000000e-02 8.028338e-01 1.000000e+00 1.000000e+00
3.125000e-02 5.000000e-02 8.033338e-01 1.000000e+00 1.000000e+00
3.281250e-02 5.000000e-02 8.038338e-01 1.000000e+00 1.000000e+00
3.437500e-02 5.000000e-02 8.043338e-01 1.000000e+00 1.000000e+00
3.593750e-02 5.000000e-02 8.048338e-01 1.000000e+00 1.000000e+00
3.750000e-02 5.000000e-02 8.053338e-01 1.000000e+00 1.000000e+00
3.906250e-02 5.000000e-02 8.058338e-01 1.000000e+00 1.000000e+00
4.062500e-02 5.000000e-02 8.063338e-01 1.000000e+00 1.000000e+00
4.218750e-02 5.000000e-02 8.068338e-01 1.000000e+00 1.000000e+00
4.375000e-02 5.000000e-02 8.073338e-01 1.000000e+00 1.000000e+00
4.531250e-02 5.000000e-02 8.078338e-01 1.000000e+00 1.000000e+00
4.687500e-02 5.000000e-02 8.083338e-01 1.000000e+00 1.000000e+00
4.843750e-02 5.000000e-02 8.088338e-01 1.000000e+00 1.000000e+00
5.000000e-02 5.000000e-02 8.093338e-01 0.000000e+00 0.000000e+00
